2021-11-26 16:13:40,788 [INFO] Activator:170 - 


2021-11-26 16:13:40,802 [INFO] Activator:171 - !SESSION log4j initialized
2021-11-26 16:14:57,121 [INFO] McuFinderGlobals:40 - Set McuFinder mode to 2 (CubeIDE integrated)
2021-11-26 16:14:59,796 [INFO] ApplicationProperties:181 - Using Application install path: C:\ST\STM32CubeIDE_1.5.0\STM32CubeIDE\plugins\com.st.stm32cube.common.mx_6.1.0.202011121557
2021-11-26 16:14:59,872 [INFO] DbMcusXml:71 - Set database path to: C:\ST\STM32CubeIDE_1.5.0\STM32CubeIDE\plugins\com.st.stm32cube.common.mx_6.1.0.202011121557\\db\/mcu/
2021-11-26 16:14:59,878 [INFO] DbBoardsPdsc:57 - Set plugin database path to: C:\ST\STM32CubeIDE_1.5.0\STM32CubeIDE\plugins\com.st.stm32cube.common.mx_6.1.0.202011121557\\db\/plugins/boardmanager/
2021-11-26 16:14:59,879 [INFO] DbMcus:259 - Set plugin images path to: C:\ST\STM32CubeIDE_1.5.0\STM32CubeIDE\plugins\com.st.stm32cube.common.mx_6.1.0.202011121557\\db\/plugins/mcufinder/images/
2021-11-26 16:14:59,879 [INFO] DbBoards:265 - Set plugin images path to: C:\ST\STM32CubeIDE_1.5.0\STM32CubeIDE\plugins\com.st.stm32cube.common.mx_6.1.0.202011121557\\db\/plugins/mcufinder/images/
2021-11-26 16:14:59,883 [INFO] DbExamples:329 - Set plugin images path to: C:\ST\STM32CubeIDE_1.5.0\STM32CubeIDE\plugins\com.st.stm32cube.common.mx_6.1.0.202011121557\\db\/plugins/mcufinder/images/
2021-11-26 16:15:00,031 [INFO] DbMcusDocs:112 - Set database path to: C:\Users\leona\.stmcufinder\plugins\mcufinder//mcu/
2021-11-26 16:15:00,035 [INFO] DbMcusJson:63 - Set database path to: C:\Users\leona\.stmcufinder\plugins\mcufinder//mcu/
2021-11-26 16:15:00,036 [INFO] DbBoardsDocs:112 - Set database path to: C:\Users\leona\.stmcufinder\plugins\mcufinder//mcu/
2021-11-26 16:15:00,038 [INFO] DbBoardsJson:56 - Set database path to: C:\Users\leona\.stmcufinder\plugins\mcufinder//mcu/
2021-11-26 16:15:00,048 [INFO] CrossReferenceDbSqlite:196 - Set database path to: C:\Users\leona\.stmcufinder\plugins\mcufinder//mcu/cs/
2021-11-26 16:15:00,052 [INFO] DbExamplesSqlite:699 - Set database path to: C:\Users\leona\.stmcufinder\plugins\mcufinder//mcu/
2021-11-26 16:15:00,423 [INFO] RulesReader:52 - Compatibility file has been processed (228 Rules)
2021-11-26 16:15:00,853 [INFO] MicroXplorer:565 - Detected Java Version = 1.8.0_272
2021-11-26 16:15:00,854 [INFO] DbMcusXml:71 - Set database path to: C:\ST\STM32CubeIDE_1.5.0\STM32CubeIDE\plugins\com.st.stm32cube.common.mx_6.1.0.202011121557\\db\/mcu/
2021-11-26 16:15:00,855 [INFO] DbBoardsPdsc:57 - Set plugin database path to: C:\ST\STM32CubeIDE_1.5.0\STM32CubeIDE\plugins\com.st.stm32cube.common.mx_6.1.0.202011121557\\db\/plugins/boardmanager/
2021-11-26 16:15:00,855 [INFO] DbMcus:259 - Set plugin images path to: C:\ST\STM32CubeIDE_1.5.0\STM32CubeIDE\plugins\com.st.stm32cube.common.mx_6.1.0.202011121557\\db\/plugins/mcufinder/images/
2021-11-26 16:15:00,855 [INFO] DbBoards:265 - Set plugin images path to: C:\ST\STM32CubeIDE_1.5.0\STM32CubeIDE\plugins\com.st.stm32cube.common.mx_6.1.0.202011121557\\db\/plugins/mcufinder/images/
2021-11-26 16:15:00,856 [INFO] DbExamples:329 - Set plugin images path to: C:\ST\STM32CubeIDE_1.5.0\STM32CubeIDE\plugins\com.st.stm32cube.common.mx_6.1.0.202011121557\\db\/plugins/mcufinder/images/
2021-11-26 16:15:00,856 [WARN] DbFile:36 - Overriding database path with different value: C:\Users\leona\.stmcufinder\plugins\mcufinder/ => C:\Users\leona\.stmcufinder\plugins\mcufinder
2021-11-26 16:15:00,856 [INFO] DbMcusDocs:112 - Set database path to: C:\Users\leona\.stmcufinder\plugins\mcufinder//mcu/
2021-11-26 16:15:00,856 [WARN] DbFile:36 - Overriding database path with different value: C:\Users\leona\.stmcufinder\plugins\mcufinder/ => C:\Users\leona\.stmcufinder\plugins\mcufinder
2021-11-26 16:15:00,856 [INFO] DbMcusJson:63 - Set database path to: C:\Users\leona\.stmcufinder\plugins\mcufinder//mcu/
2021-11-26 16:15:00,856 [WARN] DbFile:36 - Overriding database path with different value: C:\Users\leona\.stmcufinder\plugins\mcufinder/ => C:\Users\leona\.stmcufinder\plugins\mcufinder
2021-11-26 16:15:00,857 [INFO] DbBoardsDocs:112 - Set database path to: C:\Users\leona\.stmcufinder\plugins\mcufinder//mcu/
2021-11-26 16:15:00,857 [WARN] DbFile:36 - Overriding database path with different value: C:\Users\leona\.stmcufinder\plugins\mcufinder/ => C:\Users\leona\.stmcufinder\plugins\mcufinder
2021-11-26 16:15:00,857 [INFO] DbBoardsJson:56 - Set database path to: C:\Users\leona\.stmcufinder\plugins\mcufinder//mcu/
2021-11-26 16:15:00,857 [WARN] DbFile:36 - Overriding database path with different value: C:\Users\leona\.stmcufinder\plugins\mcufinder/ => C:\Users\leona\.stmcufinder\plugins\mcufinder
2021-11-26 16:15:00,857 [WARN] DbFile:36 - Overriding database path with different value: C:\Users\leona\.stmcufinder\plugins\mcufinder/ => C:\Users\leona\.stmcufinder\plugins\mcufinder
2021-11-26 16:15:00,858 [INFO] CrossReferenceDbSqlite:196 - Set database path to: C:\Users\leona\.stmcufinder\plugins\mcufinder//mcu/cs/
2021-11-26 16:15:00,858 [WARN] DbFile:36 - Overriding database path with different value: C:\Users\leona\.stmcufinder\plugins\mcufinder/ => C:\Users\leona\.stmcufinder\plugins\mcufinder
2021-11-26 16:15:00,858 [INFO] DbExamplesSqlite:699 - Set database path to: C:\Users\leona\.stmcufinder\plugins\mcufinder//mcu/
2021-11-26 16:15:01,364 [INFO] MainPanel:190 - HeapMemory: 384827392
2021-11-26 16:15:01,804 [INFO] DbMcusXml:71 - Set database path to: C:\ST\STM32CubeIDE_1.5.0\STM32CubeIDE\plugins\com.st.stm32cube.common.mx_6.1.0.202011121557\\db\/mcu/
2021-11-26 16:15:01,805 [INFO] DbBoardsPdsc:57 - Set plugin database path to: C:\ST\STM32CubeIDE_1.5.0\STM32CubeIDE\plugins\com.st.stm32cube.common.mx_6.1.0.202011121557\\db\/plugins/boardmanager/
2021-11-26 16:15:01,805 [INFO] DbMcus:259 - Set plugin images path to: C:\ST\STM32CubeIDE_1.5.0\STM32CubeIDE\plugins\com.st.stm32cube.common.mx_6.1.0.202011121557\\db\/plugins/mcufinder/images/
2021-11-26 16:15:01,805 [INFO] DbBoards:265 - Set plugin images path to: C:\ST\STM32CubeIDE_1.5.0\STM32CubeIDE\plugins\com.st.stm32cube.common.mx_6.1.0.202011121557\\db\/plugins/mcufinder/images/
2021-11-26 16:15:01,806 [INFO] DbExamples:329 - Set plugin images path to: C:\ST\STM32CubeIDE_1.5.0\STM32CubeIDE\plugins\com.st.stm32cube.common.mx_6.1.0.202011121557\\db\/plugins/mcufinder/images/
2021-11-26 16:15:01,807 [WARN] DbFile:36 - Overriding database path with different value: C:\Users\leona\.stmcufinder\plugins\mcufinder/ => C:\Users\leona\.stmcufinder\plugins\mcufinder
2021-11-26 16:15:01,807 [INFO] DbMcusDocs:112 - Set database path to: C:\Users\leona\.stmcufinder\plugins\mcufinder//mcu/
2021-11-26 16:15:01,807 [WARN] DbFile:36 - Overriding database path with different value: C:\Users\leona\.stmcufinder\plugins\mcufinder/ => C:\Users\leona\.stmcufinder\plugins\mcufinder
2021-11-26 16:15:01,807 [INFO] DbMcusJson:63 - Set database path to: C:\Users\leona\.stmcufinder\plugins\mcufinder//mcu/
2021-11-26 16:15:01,808 [WARN] DbFile:36 - Overriding database path with different value: C:\Users\leona\.stmcufinder\plugins\mcufinder/ => C:\Users\leona\.stmcufinder\plugins\mcufinder
2021-11-26 16:15:01,808 [INFO] DbBoardsDocs:112 - Set database path to: C:\Users\leona\.stmcufinder\plugins\mcufinder//mcu/
2021-11-26 16:15:01,808 [WARN] DbFile:36 - Overriding database path with different value: C:\Users\leona\.stmcufinder\plugins\mcufinder/ => C:\Users\leona\.stmcufinder\plugins\mcufinder
2021-11-26 16:15:01,808 [INFO] DbBoardsJson:56 - Set database path to: C:\Users\leona\.stmcufinder\plugins\mcufinder//mcu/
2021-11-26 16:15:01,809 [WARN] DbFile:36 - Overriding database path with different value: C:\Users\leona\.stmcufinder\plugins\mcufinder/ => C:\Users\leona\.stmcufinder\plugins\mcufinder
2021-11-26 16:15:01,809 [WARN] DbFile:36 - Overriding database path with different value: C:\Users\leona\.stmcufinder\plugins\mcufinder/ => C:\Users\leona\.stmcufinder\plugins\mcufinder
2021-11-26 16:15:01,809 [INFO] CrossReferenceDbSqlite:196 - Set database path to: C:\Users\leona\.stmcufinder\plugins\mcufinder//mcu/cs/
2021-11-26 16:15:01,809 [WARN] DbFile:36 - Overriding database path with different value: C:\Users\leona\.stmcufinder\plugins\mcufinder/ => C:\Users\leona\.stmcufinder\plugins\mcufinder
2021-11-26 16:15:01,810 [INFO] DbExamplesSqlite:699 - Set database path to: C:\Users\leona\.stmcufinder\plugins\mcufinder//mcu/
2021-11-26 16:15:01,911 [INFO] ApplicationProperties:181 - Using Application install path: C:\ST\STM32CubeIDE_1.5.0\STM32CubeIDE\plugins\com.st.stm32cube.common.mx_6.1.0.202011121557
2021-11-26 16:15:01,913 [INFO] PluginManage:178 - Search for loadable plugins [exclusion list=, ]
2021-11-26 16:15:01,930 [INFO] PluginManage:292 - Check plugin analytics
2021-11-26 16:15:02,849 [INFO] AnalyticsPlugin:225 - Accepted Software Licenses: 
2021-11-26 16:15:02,850 [INFO] AnalyticsPlugin:227 - Accepted CMSIS Pack Licenses: 
2021-11-26 16:15:02,850 [INFO] AnalyticsPlugin:229 - Accepted Firmware Licenses: 
2021-11-26 16:15:02,851 [INFO] PluginManage:342 - Loaded plugin analytics (category:tool,tabindex:-1)
2021-11-26 16:15:02,851 [INFO] PluginManage:292 - Check plugin clock
2021-11-26 16:15:02,965 [INFO] PluginManage:342 - Loaded plugin clock (category:base,tabindex:2)
2021-11-26 16:15:02,966 [INFO] PluginManage:292 - Check plugin ddr
2021-11-26 16:15:02,978 [INFO] PluginManage:342 - Loaded plugin ddr (category:tool,tabindex:6)
2021-11-26 16:15:02,979 [INFO] PluginManage:292 - Check plugin filemanager
2021-11-26 16:15:03,387 [INFO] PluginManage:342 - Loaded plugin filemanager (category:base,tabindex:10)
2021-11-26 16:15:03,387 [INFO] PluginManage:292 - Check plugin ipmanager
2021-11-26 16:15:03,446 [INFO] PluginManage:342 - Loaded plugin ipmanager (category:base,tabindex:5)
2021-11-26 16:15:03,446 [INFO] PluginManage:292 - Check plugin pinoutandconfiguration
2021-11-26 16:15:03,506 [INFO] PluginManage:342 - Loaded plugin pinoutandconfiguration (category:base,tabindex:1)
2021-11-26 16:15:03,506 [INFO] PluginManage:292 - Check plugin pinoutconfig
2021-11-26 16:15:03,602 [INFO] PluginManage:342 - Loaded plugin pinoutconfig (category:base,tabindex:0)
2021-11-26 16:15:03,602 [INFO] PluginManage:292 - Check plugin power
2021-11-26 16:15:03,730 [INFO] PluginManage:342 - Loaded plugin power (category:power,tabindex:4)
2021-11-26 16:15:03,730 [INFO] PluginManage:292 - Check plugin projectmanager
2021-11-26 16:15:03,800 [INFO] PluginManage:342 - Loaded plugin projectmanager (category:projectmanager,tabindex:3)
2021-11-26 16:15:03,801 [INFO] PluginManage:292 - Check plugin thirdparty
2021-11-26 16:15:04,910 [INFO] PluginManage:342 - Loaded plugin thirdparty (category:base,tabindex:-1)
2021-11-26 16:15:04,911 [WARN] IntegrityCheckThread:59 - waiting for thirdparty lock release [integrity check]
2021-11-26 16:15:04,911 [INFO] PluginManage:292 - Check plugin tools
2021-11-26 16:15:04,911 [INFO] IntegrityCheckThread:61 - entering critical section [integrity check]
2021-11-26 16:15:04,912 [INFO] ThirdPartyUpdaterWithRetryManager:56 - Updater plugin not ready yet. [1/15]
2021-11-26 16:15:04,999 [INFO] PluginManage:342 - Loaded plugin tools (category:base,tabindex:7)
2021-11-26 16:15:04,999 [INFO] PluginManage:292 - Check plugin tutovideos
2021-11-26 16:15:05,955 [INFO] PluginManage:342 - Loaded plugin tutovideos (category:base,tabindex:-1)
2021-11-26 16:15:05,956 [INFO] PluginManage:292 - Check plugin updater
2021-11-26 16:15:06,065 [INFO] PluginManage:342 - Loaded plugin updater (category:base,tabindex:12)
2021-11-26 16:15:06,066 [INFO] PluginManage:265 - PluginManage : Loaded plugins [13]
2021-11-26 16:15:07,471 [INFO] PinOutPanel:1434 - setPackage(No Configuration,No Configuration)
2021-11-26 16:15:07,923 [INFO] ThirdPartyUpdaterWithRetryManager:56 - Updater plugin not ready yet. [2/15]
2021-11-26 16:15:08,360 [INFO] IPUIPlugin:64 - create IPUIPlugin
2021-11-26 16:15:08,361 [INFO] PluginManager:203 - loadIPPluginJar : add adc
2021-11-26 16:15:08,408 [INFO] IPUIPlugin:64 - create IPUIPlugin
2021-11-26 16:15:08,409 [INFO] PluginManager:203 - loadIPPluginJar : add aes
2021-11-26 16:15:08,486 [INFO] IPUIPlugin:64 - create IPUIPlugin
2021-11-26 16:15:08,486 [INFO] PluginManager:203 - loadIPPluginJar : add can
2021-11-26 16:15:08,570 [INFO] IPUIPlugin:64 - create IPUIPlugin
2021-11-26 16:15:08,571 [INFO] PluginManager:203 - loadIPPluginJar : add comp
2021-11-26 16:15:08,649 [INFO] IPUIPlugin:64 - create IPUIPlugin
2021-11-26 16:15:08,649 [INFO] PluginManager:203 - loadIPPluginJar : add cryp
2021-11-26 16:15:08,755 [INFO] IPUIPlugin:64 - create IPUIPlugin
2021-11-26 16:15:08,755 [INFO] PluginManager:203 - loadIPPluginJar : add dfsdm
2021-11-26 16:15:08,815 [INFO] IPUIPlugin:64 - create IPUIPlugin
2021-11-26 16:15:08,817 [INFO] PluginManager:203 - loadIPPluginJar : add dma
2021-11-26 16:15:08,881 [INFO] IPUIPlugin:64 - create IPUIPlugin
2021-11-26 16:15:08,881 [INFO] PluginManager:203 - loadIPPluginJar : add fatfs
2021-11-26 16:15:09,035 [INFO] IPUIPlugin:64 - create IPUIPlugin
2021-11-26 16:15:09,035 [INFO] PluginManager:203 - loadIPPluginJar : add fmc
2021-11-26 16:15:09,058 [INFO] IPUIPlugin:64 - create IPUIPlugin
2021-11-26 16:15:09,059 [INFO] PluginManager:203 - loadIPPluginJar : add freertos
2021-11-26 16:15:09,107 [INFO] IPUIPlugin:64 - create IPUIPlugin
2021-11-26 16:15:09,107 [INFO] PluginManager:203 - loadIPPluginJar : add genericplugin
2021-11-26 16:15:09,259 [INFO] IPUIPlugin:64 - create IPUIPlugin
2021-11-26 16:15:09,260 [INFO] PluginManager:203 - loadIPPluginJar : add gfxmmu
2021-11-26 16:15:09,472 [INFO] IPUIPlugin:64 - create IPUIPlugin
2021-11-26 16:15:09,473 [INFO] PluginManager:203 - loadIPPluginJar : add gic
2021-11-26 16:15:09,487 [INFO] IPUIPlugin:64 - create IPUIPlugin
2021-11-26 16:15:09,488 [INFO] PluginManager:203 - loadIPPluginJar : add gpio
2021-11-26 16:15:09,575 [INFO] IPUIPlugin:64 - create IPUIPlugin
2021-11-26 16:15:09,576 [INFO] PluginManager:203 - loadIPPluginJar : add gtzc
2021-11-26 16:15:09,623 [INFO] IPUIPlugin:64 - create IPUIPlugin
2021-11-26 16:15:09,624 [INFO] PluginManager:203 - loadIPPluginJar : add hash
2021-11-26 16:15:09,677 [INFO] IPUIPlugin:64 - create IPUIPlugin
2021-11-26 16:15:09,678 [INFO] PluginManager:203 - loadIPPluginJar : add i2c
2021-11-26 16:15:09,740 [INFO] IPUIPlugin:64 - create IPUIPlugin
2021-11-26 16:15:09,740 [INFO] PluginManager:203 - loadIPPluginJar : add i2s
2021-11-26 16:15:09,781 [INFO] IPUIPlugin:64 - create IPUIPlugin
2021-11-26 16:15:09,781 [INFO] PluginManager:203 - loadIPPluginJar : add ipddr
2021-11-26 16:15:09,864 [INFO] IPUIPlugin:64 - create IPUIPlugin
2021-11-26 16:15:09,865 [INFO] PluginManager:203 - loadIPPluginJar : add lorawan
2021-11-26 16:15:09,963 [INFO] IPUIPlugin:64 - create IPUIPlugin
2021-11-26 16:15:09,964 [INFO] PluginManager:203 - loadIPPluginJar : add ltdc
2021-11-26 16:15:10,006 [INFO] IPUIPlugin:64 - create IPUIPlugin
2021-11-26 16:15:10,007 [INFO] PluginManager:203 - loadIPPluginJar : add mdma
2021-11-26 16:15:10,021 [INFO] IPUIPlugin:64 - create IPUIPlugin
2021-11-26 16:15:10,021 [INFO] PluginManager:203 - loadIPPluginJar : add nvic
2021-11-26 16:15:10,084 [INFO] IPUIPlugin:64 - create IPUIPlugin
2021-11-26 16:15:10,084 [INFO] PluginManager:203 - loadIPPluginJar : add opamp
2021-11-26 16:15:10,152 [INFO] IPUIPlugin:64 - create IPUIPlugin
2021-11-26 16:15:10,152 [INFO] PluginManager:203 - loadIPPluginJar : add openamp
2021-11-26 16:15:10,244 [INFO] IPUIPlugin:64 - create IPUIPlugin
2021-11-26 16:15:10,245 [INFO] PluginManager:203 - loadIPPluginJar : add pdm2pcm
2021-11-26 16:15:10,264 [INFO] IPUIPlugin:64 - create IPUIPlugin
2021-11-26 16:15:10,269 [INFO] PluginManager:203 - loadIPPluginJar : add plateformsettings
2021-11-26 16:15:10,323 [INFO] IPUIPlugin:64 - create IPUIPlugin
2021-11-26 16:15:10,323 [INFO] PluginManager:203 - loadIPPluginJar : add quadspi
2021-11-26 16:15:10,338 [INFO] IPUIPlugin:64 - create IPUIPlugin
2021-11-26 16:15:10,338 [INFO] PluginManager:203 - loadIPPluginJar : add resmgrutility
2021-11-26 16:15:10,426 [INFO] IPUIPlugin:64 - create IPUIPlugin
2021-11-26 16:15:10,426 [INFO] PluginManager:203 - loadIPPluginJar : add sai
2021-11-26 16:15:10,485 [INFO] IPUIPlugin:64 - create IPUIPlugin
2021-11-26 16:15:10,486 [INFO] PluginManager:203 - loadIPPluginJar : add spi
2021-11-26 16:15:10,542 [INFO] IPUIPlugin:64 - create IPUIPlugin
2021-11-26 16:15:10,542 [INFO] PluginManager:203 - loadIPPluginJar : add stm32_wpan
2021-11-26 16:15:10,584 [INFO] IPUIPlugin:64 - create IPUIPlugin
2021-11-26 16:15:10,584 [INFO] PluginManager:203 - loadIPPluginJar : add tim
2021-11-26 16:15:10,653 [INFO] IPUIPlugin:64 - create IPUIPlugin
2021-11-26 16:15:10,654 [INFO] PluginManager:203 - loadIPPluginJar : add touchsensing
2021-11-26 16:15:10,699 [INFO] IPUIPlugin:64 - create IPUIPlugin
2021-11-26 16:15:10,700 [INFO] PluginManager:203 - loadIPPluginJar : add tracer_emb
2021-11-26 16:15:10,759 [INFO] IPUIPlugin:64 - create IPUIPlugin
2021-11-26 16:15:10,760 [INFO] PluginManager:203 - loadIPPluginJar : add ts
2021-11-26 16:15:10,812 [INFO] IPUIPlugin:64 - create IPUIPlugin
2021-11-26 16:15:10,812 [INFO] PluginManager:203 - loadIPPluginJar : add tsc
2021-11-26 16:15:10,862 [INFO] IPUIPlugin:64 - create IPUIPlugin
2021-11-26 16:15:10,863 [INFO] PluginManager:203 - loadIPPluginJar : add ucpd
2021-11-26 16:15:10,932 [INFO] ThirdPartyUpdaterWithRetryManager:56 - Updater plugin not ready yet. [3/15]
2021-11-26 16:15:10,934 [INFO] IPUIPlugin:64 - create IPUIPlugin
2021-11-26 16:15:10,935 [INFO] PluginManager:203 - loadIPPluginJar : add usart
2021-11-26 16:15:11,721 [FATAL] Updater:284 - Updater called before beeing initialized
2021-11-26 16:15:11,982 [FATAL] Updater:284 - Updater called before beeing initialized
2021-11-26 16:15:12,474 [WARN] DetailPanel:347 - Failed to get advertising image, set to default
2021-11-26 16:15:12,478 [FATAL] Updater:284 - Updater called before beeing initialized
2021-11-26 16:15:12,478 [WARN] DetailPanel:347 - Failed to get advertising image, set to default
2021-11-26 16:15:12,601 [FATAL] Updater:284 - Updater called before beeing initialized
2021-11-26 16:15:12,601 [WARN] ThirdParty:783 - waiting for thirdparty lock release [close project]
2021-11-26 16:15:13,934 [INFO] ThirdPartyUpdaterWithRetryManager:56 - Updater plugin not ready yet. [4/15]
2021-11-26 16:15:16,940 [FATAL] Updater:284 - Updater called before beeing initialized
2021-11-26 16:15:16,940 [ERROR] AbstractThirdPartyUpdaterManager:153 - java.lang.Integer cannot be cast to java.util.List
2021-11-26 16:15:16,941 [INFO] ThirdParty:887 - Integrity check success = false
2021-11-26 16:15:16,941 [INFO] IntegrityCheckThread:75 - exiting critical section [integrity check]
2021-11-26 16:15:16,941 [INFO] IntegrityCheckThread:78 - End integrity checks thread
2021-11-26 16:15:16,941 [INFO] ThirdParty:785 - entering critical section [close project]
2021-11-26 16:15:16,943 [INFO] ThirdParty:796 - exiting critical section [close project]
2021-11-26 16:15:16,947 [INFO] PinOutPanel:1434 - setPackage(No Configuration,No Configuration)
2021-11-26 16:15:16,948 [FATAL] Updater:284 - Updater called before beeing initialized
2021-11-26 16:15:16,980 [ERROR] Updater:1065 - MainUpdater not yet initialized. External WinMGr cannot be set.
2021-11-26 16:15:17,012 [INFO] Updater:1002 - Updater Version found : 6.1.0
2021-11-26 16:15:17,079 [INFO] ApplicationProperties:181 - Using Application install path: C:\ST\STM32CubeIDE_1.5.0\STM32CubeIDE\plugins\com.st.stm32cube.common.mx_6.1.0.202011121557
2021-11-26 16:15:17,486 [INFO] MainUpdater:2644 - connection check result : 10
2021-11-26 16:15:17,487 [INFO] MainUpdater:3332 - Updater definition file requires update
2021-11-26 16:15:17,489 [INFO] MainUpdater:249 - Updater Check For Update Now.
2021-11-26 16:15:17,489 [INFO] MicroXplorer:415 - Change Database Version : DB.6.0.10
2021-11-26 16:15:17,521 [INFO] ServerAccessManage:348 - Download File updaters.zip
2021-11-26 16:15:17,594 [INFO] FileExtend:225 - Unzip File : updaters.zip
2021-11-26 16:15:17,594 [INFO] FileExtend:240 - Standard Zip Deflate
2021-11-26 16:15:19,129 [INFO] ServerAccessManage:348 - Download File PacksControlFlags.xml
2021-11-26 16:15:19,222 [INFO] ServerAccessManage:348 - Download File cubemx.pidx
2021-11-26 16:15:19,563 [INFO] LoadServerUpdatesThread:329 - End of LoadServerUpdate Thread
2021-11-26 16:15:19,609 [INFO] CheckServerUpdateThread:102 - End of CheckServer Thread
2021-11-26 16:15:19,610 [INFO] MainUpdater:2644 - connection check result : 10
2021-11-26 16:15:41,679 [INFO] CrossSelectorPresenter:1330 - Cross Selector saved comparison directory: C:\Users\leona\.stmcufinder\plugins\mcufinder\mcu\cs_comparisons_mx
2021-11-26 16:15:41,728 [INFO] MultiScanPanel:198 - Auto-refresh data requested => check proxy status ongoing
2021-11-26 16:15:41,735 [INFO] FinderPluginLoader:87 - Searching for filters in installed packs
2021-11-26 16:15:41,737 [INFO] DbMcusXml:97 - Load MCU database from C:\ST\STM32CubeIDE_1.5.0\STM32CubeIDE\plugins\com.st.stm32cube.common.mx_6.1.0.202011121557\\db\/mcu/families.xml
2021-11-26 16:15:42,890 [INFO] DbMcusJson:92 - JSON generation date=Wed Dec 09 14:22:40 BRT 2020 (1607534560)
2021-11-26 16:15:43,757 [INFO] DbMcus:176 - Found 1835 MCUs (1796 are supported by CubeMX, 1804 are visible in CubeMX)
2021-11-26 16:15:43,816 [INFO] ApiDb:238 - Load user favorites file C:\Users\leona/.stm32cubeide/favorites.mcus.txt: 0 item(s)
2021-11-26 16:15:43,816 [INFO] ApiDb:242 - User favorites MCUs=[]
2021-11-26 16:15:43,817 [INFO] DbMcus:188 - Set 0 / 0 favorites MCUs
2021-11-26 16:15:44,842 [WARN] DetailPanel:347 - Failed to get advertising image, set to default
2021-11-26 16:15:45,351 [INFO] McuFilterPanel:245 - Update 0 favorites MCUs
2021-11-26 16:15:45,492 [INFO] DbBoardsPdsc:91 - Found 24 items
2021-11-26 16:15:45,513 [INFO] DbBoardsPdsc:91 - Found 9 items
2021-11-26 16:15:45,527 [INFO] DbBoardsPdsc:91 - Found 32 items
2021-11-26 16:15:45,552 [INFO] DbBoardsPdsc:91 - Found 1 items
2021-11-26 16:15:45,581 [INFO] DbBoardsPdsc:91 - Found 45 items
2021-11-26 16:15:45,610 [INFO] DbBoardsPdsc:91 - Found 41 items
2021-11-26 16:15:45,634 [INFO] DbBoardsPdsc:91 - Found 2 items
2021-11-26 16:15:45,705 [INFO] DbBoardsPdsc:91 - Found 4 items
2021-11-26 16:15:45,713 [WARN] DbBoardsPdsc:255 - Board STM32H7B3I-DK: unknown feature type=Audio, name=, username=Audio stereo codec with Headphone Amp (CS42L51-CNZ), n=1
2021-11-26 16:15:45,714 [WARN] DbBoardsPdsc:255 - Board STM32H735G-DK: unknown feature type=Audio, name=, username=Audio stereo codec with Headphone Amp (WM8994ECS/R), n=1
2021-11-26 16:15:45,715 [WARN] DbBoardsPdsc:255 - Board STM32H7B3I-EVAL: unknown feature type=Audio, name=, username=Multi-Channel Audio Codec (CS42L51-CNZ), n=1
2021-11-26 16:15:45,716 [WARN] DbBoardsPdsc:255 - Board STM32H7B3I-EVAL: unknown feature type=Meter, name=, username=Power-metering and Temperature-monitoring with sigma-delta modulators, n=1
2021-11-26 16:15:45,716 [WARN] DbBoardsPdsc:255 - Board STM32H7B3I-EVAL: unknown feature type=Motor, name=, username=Motor Control, n=1
2021-11-26 16:15:45,992 [INFO] DbBoardsJson:85 - JSON generation date=Thu Nov 05 11:55:26 BRT 2020 (1604588126)
2021-11-26 16:15:45,998 [INFO] DbBoards:118 - Found 158 boards (155 are supported by CubeMX)
2021-11-26 16:15:46,025 [INFO] DbBoardsDocs:145 - JSON generation date=Wed Dec 09 14:22:40 BRT 2020 (1607534560)
2021-11-26 16:15:46,041 [INFO] DbBoardsDocs:81 - Found 190 boards documents
2021-11-26 16:15:46,041 [WARN] DbBoards:128 - board B-L462E-CELL1 has no document id list !
2021-11-26 16:15:46,041 [WARN] DbBoards:128 - board B-L475E-IOT01A2 has no document id list !
2021-11-26 16:15:46,043 [WARN] DbBoards:128 - board NUCLEO-G0B1RE has no document id list !
2021-11-26 16:15:46,043 [WARN] DbBoards:128 - board NUCLEO-G491RE has no document id list !
2021-11-26 16:15:46,043 [WARN] DbBoards:128 - board NUCLEO-H743ZI2 has no document id list !
2021-11-26 16:15:46,044 [WARN] DbBoards:128 - board NUCLEO-L4A6ZG has no document id list !
2021-11-26 16:15:46,044 [WARN] DbBoards:128 - board NUCLEO-WB55RG has no document id list !
2021-11-26 16:15:46,044 [WARN] DbBoards:128 - board NUCLEO-WL55JC1 has no document id list !
2021-11-26 16:15:46,044 [WARN] DbBoards:128 - board NUCLEO-WL55JC2 has no document id list !
2021-11-26 16:15:46,044 [WARN] DbBoards:128 - board P-NUCLEO-WB55-Nucleo has no document id list !
2021-11-26 16:15:46,044 [WARN] DbBoards:128 - board P-NUCLEO-WB55-USBDongle has no document id list !
2021-11-26 16:15:46,045 [WARN] DbBoards:128 - board STEVAL-BFA001V1B has no document id list !
2021-11-26 16:15:46,045 [WARN] DbBoards:128 - board STEVAL-BFA001V2B has no document id list !
2021-11-26 16:15:46,045 [WARN] DbBoards:128 - board STEVAL-IDP005V1 has no document id list !
2021-11-26 16:15:46,045 [WARN] DbBoards:128 - board STEVAL-IDP005V2 has no document id list !
2021-11-26 16:15:46,045 [WARN] DbBoards:128 - board STEVAL-MKSBOX1V1 has no document id list !
2021-11-26 16:15:46,045 [WARN] DbBoards:128 - board STEVAL-STWINKT1 has no document id list !
2021-11-26 16:15:46,046 [WARN] DbBoards:128 - board STM32F401C-DISCO has no document id list !
2021-11-26 16:15:46,046 [WARN] DbBoards:128 - board STM32F769I-DISC1 has no document id list !
2021-11-26 16:15:46,047 [WARN] DbBoards:128 - board STM32G0C1E-EV has no document id list !
2021-11-26 16:15:46,047 [WARN] DbBoards:128 - board STM32G474E-EVAL1 has no document id list !
2021-11-26 16:15:46,047 [WARN] DbBoards:128 - board STM32H743I-EVAL2 has no document id list !
2021-11-26 16:15:46,047 [WARN] DbBoards:128 - board STM32H747I-DISC1 has no document id list !
2021-11-26 16:15:46,048 [WARN] DbBoards:128 - board STM32H753I-EVAL2 has no document id list !
2021-11-26 16:15:46,048 [WARN] DbBoards:128 - board STM32L-DISCOVERY has no document id list !
2021-11-26 16:15:46,049 [WARN] DbBoards:128 - board STM32MP157A-DK1 has no document id list !
2021-11-26 16:15:46,049 [WARN] DbBoards:128 - board STM32MP157F-DK2 has no document id list !
2021-11-26 16:15:46,049 [WARN] DbBoards:128 - board STM32MP157F-EV1 has no document id list !
2021-11-26 16:15:49,991 [INFO] ApiDb:238 - Load user favorites file C:\Users\leona/.stm32cubeide/favorites.boards.txt: 0 item(s)
2021-11-26 16:15:49,992 [INFO] ApiDb:242 - User favorites Boards=[]
2021-11-26 16:15:49,992 [INFO] DbBoards:207 - Set 0 / 0 favorites Boards
2021-11-26 16:16:09,938 [INFO] DbMcusDocs:145 - JSON generation date=Wed Dec 09 14:22:40 BRT 2020 (1607534560)
2021-11-26 16:16:10,277 [INFO] DbMcusDocs:81 - Found 612 MCUs documents
2021-11-26 16:19:35,561 [INFO] McuResultTable:777 - Mark MCU STM32F411RETx as favorite
2021-11-26 16:19:37,750 [INFO] McuResultTable:777 - Unmark MCU STM32F411RETx as favorite
2021-11-26 16:23:00,774 [INFO] MainUpdater:2644 - connection check result : 10
2021-11-26 16:23:00,775 [INFO] MainUpdater:2644 - connection check result : 10
2021-11-26 16:23:00,876 [INFO] MicroXplorer:385 - Change Database Path : 
2021-11-26 16:23:00,876 [INFO] MicroXplorer:415 - Change Database Version : DB.6.0.10
2021-11-26 16:23:00,876 [WARN] ThirdParty:783 - waiting for thirdparty lock release [close project]
2021-11-26 16:23:00,876 [INFO] ThirdParty:785 - entering critical section [close project]
2021-11-26 16:23:00,876 [INFO] ThirdParty:796 - exiting critical section [close project]
2021-11-26 16:23:00,908 [INFO] PinOutPanel:1434 - setPackage(No Configuration,No Configuration)
2021-11-26 16:23:00,909 [INFO] UtilMem:74 - Begin LoadConfig() Used Memory: 660311752 Bytes (1042284544)
2021-11-26 16:23:00,941 [INFO] MicroXplorer:385 - Change Database Path : 
2021-11-26 16:23:00,942 [INFO] MicroXplorer:415 - Change Database Version : DB.6.0.10
2021-11-26 16:23:00,942 [INFO] OpenFileManager:274 - Change cursor
2021-11-26 16:23:00,945 [WARN] ThirdParty:204 - Use empty third party IP manager
2021-11-26 16:23:01,039 [WARN] IntegrityCheckThread:59 - waiting for thirdparty lock release [integrity check]
2021-11-26 16:23:01,039 [INFO] IntegrityCheckThread:61 - entering critical section [integrity check]
2021-11-26 16:23:01,616 [WARN] ConditionMgr:437 - getConditionDescription Invalid condition id : SIGFOX STM32 LIB Condition cause : null
2021-11-26 16:23:01,629 [WARN] ConditionMgr:437 - getConditionDescription Invalid condition id : Sigfox Third Party LIB Condition cause : null
2021-11-26 16:23:01,636 [WARN] ConditionMgr:1040 - genDependencies : Invalid condition id : SIGFOX STM32 LIB Condition cause : null
2021-11-26 16:23:01,636 [WARN] ConditionMgr:1040 - genDependencies : Invalid condition id : Sigfox Third Party LIB Condition cause : null
2021-11-26 16:23:01,637 [WARN] ConditionMgr:1040 - genDependencies : Invalid condition id : Sigfox Third Party LIB Condition cause : null
2021-11-26 16:23:01,637 [WARN] ConditionMgr:1040 - genDependencies : Invalid condition id : SIGFOX STM32 LIB Condition cause : null
2021-11-26 16:23:01,638 [WARN] ConditionMgr:1040 - genDependencies : Invalid condition id : SIGFOX STM32 LIB Condition cause : null
2021-11-26 16:23:01,638 [WARN] ConditionMgr:1040 - genDependencies : Invalid condition id : Sigfox Third Party LIB Condition cause : null
2021-11-26 16:23:05,945 [INFO] ThirdParty:887 - Integrity check success = true
2021-11-26 16:23:05,946 [INFO] IntegrityCheckThread:75 - exiting critical section [integrity check]
2021-11-26 16:23:05,946 [INFO] IntegrityCheckThread:78 - End integrity checks thread
2021-11-26 16:23:10,542 [INFO] ImportTextPane:162 - (OptionalMessage_ERROR) Unable to find key (Mcu.ThirdPartyNb) in loaded IOC file
2021-11-26 16:23:10,542 [INFO] ImportTextPane:162 - (OptionalMessage_ERROR) Unable to find key (Mcu.PinsNb) in loaded IOC file
2021-11-26 16:23:10,543 [INFO] ImportTextPane:162 - (OptionalMessage_ERROR) Unable to find key (Mcu.IPNb) in loaded IOC file
2021-11-26 16:23:10,666 [WARN] ApiManager:294 - Cannot register API 'Board Extension:S2868A1' from pack STMicroelectronics.X-CUBE-SFXS2LP1.3.0.0: no header file found
2021-11-26 16:23:10,666 [WARN] ApiManager:294 - Cannot register API 'Board Extension:S2868A2' from pack STMicroelectronics.X-CUBE-SFXS2LP1.3.0.0: no header file found
2021-11-26 16:23:10,666 [WARN] ApiManager:294 - Cannot register API 'Board Extension:S2915A1' from pack STMicroelectronics.X-CUBE-SFXS2LP1.3.0.0: no header file found
2021-11-26 16:23:10,670 [WARN] ApiManager:294 - Cannot register API 'Board Extension:S2868A1' from pack STMicroelectronics.X-CUBE-SFXS2LP1.2.0.0: no header file found
2021-11-26 16:23:10,670 [WARN] ApiManager:294 - Cannot register API 'Board Extension:S2868A2' from pack STMicroelectronics.X-CUBE-SFXS2LP1.2.0.0: no header file found
2021-11-26 16:23:10,670 [WARN] ApiManager:294 - Cannot register API 'Board Extension:S2915A1' from pack STMicroelectronics.X-CUBE-SFXS2LP1.2.0.0: no header file found
2021-11-26 16:23:10,769 [WARN] ApiManager:294 - Cannot register API 'Board Extension:IKS01A3' from pack STMicroelectronics.X-CUBE-MEMS1.9.0.0: no header file found
2021-11-26 16:23:10,769 [WARN] ApiManager:294 - Cannot register API 'Board Extension:IKS01A2' from pack STMicroelectronics.X-CUBE-MEMS1.9.0.0: no header file found
2021-11-26 16:23:10,769 [WARN] ApiManager:294 - Cannot register API 'Board Extension:IKS02A1' from pack STMicroelectronics.X-CUBE-MEMS1.9.0.0: no header file found
2021-11-26 16:23:10,839 [WARN] ApiManager:294 - Cannot register API 'Board Extension:IKS01A3' from pack STMicroelectronics.X-CUBE-MEMS1.8.2.0: no header file found
2021-11-26 16:23:10,840 [WARN] ApiManager:294 - Cannot register API 'Board Extension:IKS01A2' from pack STMicroelectronics.X-CUBE-MEMS1.8.2.0: no header file found
2021-11-26 16:23:10,840 [WARN] ApiManager:294 - Cannot register API 'Board Extension:IKS02A1' from pack STMicroelectronics.X-CUBE-MEMS1.8.2.0: no header file found
2021-11-26 16:23:10,848 [WARN] ApiManager:294 - Cannot register API 'Board Extension:EEPRMA1' from pack STMicroelectronics.X-CUBE-EEPRMA1.3.0.0: no header file found
2021-11-26 16:23:10,848 [WARN] ApiManager:294 - Cannot register API 'Board Extension:EEPRMA2' from pack STMicroelectronics.X-CUBE-EEPRMA1.3.0.0: no header file found
2021-11-26 16:23:10,857 [INFO] RtosManager:464 - Registered RTOS mode: class=CMSIS, group=RTOS, mode=CMSIS_V1, owner=FREERTOS
2021-11-26 16:23:10,858 [INFO] RtosManager:464 - Registered RTOS mode: class=CMSIS, group=RTOS2, mode=CMSIS_V2, owner=FREERTOS
2021-11-26 16:23:10,858 [INFO] RtosManager:464 - Registered RTOS mode: class=RTOS, group=Core, mode=CMSIS_V1, owner=FREERTOS
2021-11-26 16:23:10,858 [INFO] RtosManager:464 - Registered RTOS mode: class=RTOS, group=Core, mode=CMSIS_V2, owner=FREERTOS
2021-11-26 16:23:10,859 [WARN] ModelIntegratedComponent:182 - Missing modes for component STMicroelectronics:FreeRTOS:0.0.1:STMicroelectronics:RTOS:FreeRTOS:Core:::10.2.0:
2021-11-26 16:23:10,866 [WARN] ApiManager:294 - Cannot register API 'Board Extension:GNSS1A1' from pack STMicroelectronics.X-CUBE-GNSS1.5.1.0: no header file found
2021-11-26 16:23:10,867 [WARN] ApiManager:294 - Cannot register API 'Board Support:Custom' from pack STMicroelectronics.X-CUBE-GNSS1.5.1.0: no header file found
2021-11-26 16:23:10,867 [WARN] ApiManager:294 - Cannot register API 'Data Exchange:lib_gnss' from pack STMicroelectronics.X-CUBE-GNSS1.5.1.0: no header file found
2021-11-26 16:23:10,868 [WARN] ApiManager:294 - Cannot register API 'Wireless:BlueNRG-MS' from pack STMicroelectronics.X-CUBE-BLE1.6.2.1: no header file found
2021-11-26 16:23:10,869 [WARN] ApiManager:294 - Cannot register API 'Wireless:BlueNRG-MS' from pack STMicroelectronics.X-CUBE-BLE1.6.2.2: no header file found
2021-11-26 16:23:10,870 [WARN] ApiManager:294 - Cannot register API 'Wireless:BlueNRG-2' from pack STMicroelectronics.X-CUBE-BLE2.3.2.1: no header file found
2021-11-26 16:23:10,871 [WARN] ApiManager:294 - Cannot register API 'Wireless:BlueNRG-2' from pack STMicroelectronics.X-CUBE-BLE2.3.2.2: no header file found
2021-11-26 16:23:10,872 [WARN] ModelIntegratedComponent:180 - Modes not found for component STMicroelectronics:USB_HOST:1.0.0:STMicroelectronics:USB::USB Host:Audio HS::1.0:USB_HOST_1_0_RESTRICTED_HS
2021-11-26 16:23:10,873 [WARN] ModelIntegratedComponent:186 - Modes not found for component STMicroelectronics:USB_HOST:1.0.0:STMicroelectronics:USB::USB Host:Audio HS::1.0:USB_HOST_1_0_RESTRICTED_HS
2021-11-26 16:23:10,873 [WARN] ModelIntegratedComponent:180 - Modes not found for component STMicroelectronics:USB_HOST:1.0.0:STMicroelectronics:USB::USB Host:CDC HS::1.0:USB_HOST_1_0_RESTRICTED_HS
2021-11-26 16:23:10,873 [WARN] ModelIntegratedComponent:186 - Modes not found for component STMicroelectronics:USB_HOST:1.0.0:STMicroelectronics:USB::USB Host:CDC HS::1.0:USB_HOST_1_0_RESTRICTED_HS
2021-11-26 16:23:10,873 [WARN] ModelIntegratedComponent:180 - Modes not found for component STMicroelectronics:USB_HOST:1.0.0:STMicroelectronics:USB::USB Host:MSC HS::1.0:USB_HOST_1_0_RESTRICTED_HS
2021-11-26 16:23:10,873 [WARN] ModelIntegratedComponent:186 - Modes not found for component STMicroelectronics:USB_HOST:1.0.0:STMicroelectronics:USB::USB Host:MSC HS::1.0:USB_HOST_1_0_RESTRICTED_HS
2021-11-26 16:23:10,873 [WARN] ModelIntegratedComponent:180 - Modes not found for component STMicroelectronics:USB_HOST:1.0.0:STMicroelectronics:USB::USB Host:HID HS::1.0:USB_HOST_1_0_RESTRICTED_HS
2021-11-26 16:23:10,873 [WARN] ModelIntegratedComponent:186 - Modes not found for component STMicroelectronics:USB_HOST:1.0.0:STMicroelectronics:USB::USB Host:HID HS::1.0:USB_HOST_1_0_RESTRICTED_HS
2021-11-26 16:23:10,873 [WARN] ModelIntegratedComponent:180 - Modes not found for component STMicroelectronics:USB_HOST:1.0.0:STMicroelectronics:USB::USB Host:MTP HS::1.0:USB_HOST_1_0_RESTRICTED_HS
2021-11-26 16:23:10,873 [WARN] ModelIntegratedComponent:186 - Modes not found for component STMicroelectronics:USB_HOST:1.0.0:STMicroelectronics:USB::USB Host:MTP HS::1.0:USB_HOST_1_0_RESTRICTED_HS
2021-11-26 16:23:10,875 [WARN] ApiManager:294 - Cannot register API 'Board Extension:NFC04A1' from pack STMicroelectronics.X-CUBE-NFC4.2.0.3: no header file found
2021-11-26 16:23:10,876 [WARN] ApiManager:294 - Cannot register API 'Board Extension:NFC04A1' from pack STMicroelectronics.X-CUBE-NFC4.2.0.2: no header file found
2021-11-26 16:23:10,877 [WARN] ApiManager:294 - Cannot register API 'Board Extension:NFC04A1' from pack STMicroelectronics.X-CUBE-NFC4.2.0.1: no header file found
2021-11-26 16:23:10,878 [WARN] ApiManager:294 - Cannot register API 'Wireless:BlueNRG-2' from pack STMicroelectronics.X-CUBE-BLE2.3.2.0: no header file found
2021-11-26 16:23:10,880 [WARN] ApiManager:294 - Cannot register API 'Board Extension:S2868A1' from pack STMicroelectronics.X-CUBE-SFXS2LP1.3.1.0: no header file found
2021-11-26 16:23:10,880 [WARN] ApiManager:294 - Cannot register API 'Board Extension:S2868A2' from pack STMicroelectronics.X-CUBE-SFXS2LP1.3.1.0: no header file found
2021-11-26 16:23:10,880 [WARN] ApiManager:294 - Cannot register API 'Board Extension:S2915A1' from pack STMicroelectronics.X-CUBE-SFXS2LP1.3.1.0: no header file found
2021-11-26 16:23:10,889 [WARN] ApiManager:294 - Cannot register API 'Board Extension:S2868A1' from pack STMicroelectronics.X-CUBE-SUBG2.3.0.1: no header file found
2021-11-26 16:23:10,890 [WARN] ApiManager:294 - Cannot register API 'Board Extension:S2868A2' from pack STMicroelectronics.X-CUBE-SUBG2.3.0.1: no header file found
2021-11-26 16:23:10,890 [WARN] ApiManager:294 - Cannot register API 'Board Extension:S2915A1' from pack STMicroelectronics.X-CUBE-SUBG2.3.0.1: no header file found
2021-11-26 16:23:10,893 [WARN] ApiManager:294 - Cannot register API 'Board Extension:S2868A1' from pack STMicroelectronics.X-CUBE-SUBG2.3.0.0: no header file found
2021-11-26 16:23:10,893 [WARN] ApiManager:294 - Cannot register API 'Board Extension:S2868A2' from pack STMicroelectronics.X-CUBE-SUBG2.3.0.0: no header file found
2021-11-26 16:23:10,894 [WARN] ApiManager:294 - Cannot register API 'Board Extension:S2915A1' from pack STMicroelectronics.X-CUBE-SUBG2.3.0.0: no header file found
2021-11-26 16:23:10,901 [WARN] ModelIntegratedComponent:51 - No mode defined for component null
2021-11-26 16:23:10,901 [WARN] ModelIntegratedComponent:51 - No mode defined for component null
2021-11-26 16:23:10,901 [WARN] ModelIntegratedComponent:51 - No mode defined for component null
2021-11-26 16:23:10,901 [WARN] ModelIntegratedComponent:51 - No mode defined for component null
2021-11-26 16:23:10,901 [WARN] ModelIntegratedComponent:51 - No mode defined for component null
2021-11-26 16:23:10,901 [WARN] ModelIntegratedComponent:51 - No mode defined for component null
2021-11-26 16:23:10,901 [WARN] ModelIntegratedComponent:51 - No mode defined for component null
2021-11-26 16:23:10,902 [WARN] ModelIntegratedComponent:51 - No mode defined for component null
2021-11-26 16:23:10,902 [WARN] ModelIntegratedComponent:51 - No mode defined for component null
2021-11-26 16:23:10,902 [WARN] ModelIntegratedComponent:51 - No mode defined for component null
2021-11-26 16:23:10,902 [WARN] ModelIntegratedComponent:51 - No mode defined for component null
2021-11-26 16:23:10,902 [WARN] ModelIntegratedComponent:51 - No mode defined for component null
2021-11-26 16:23:10,902 [WARN] ModelIntegratedComponent:51 - No mode defined for component null
2021-11-26 16:23:10,902 [WARN] ModelIntegratedComponent:51 - No mode defined for component null
2021-11-26 16:23:10,902 [WARN] ModelIntegratedComponent:51 - No mode defined for component null
2021-11-26 16:23:10,902 [WARN] ModelIntegratedComponent:51 - No mode defined for component null
2021-11-26 16:23:10,903 [WARN] ModelIntegratedComponent:51 - No mode defined for component null
2021-11-26 16:23:10,903 [WARN] ModelIntegratedComponent:51 - No mode defined for component null
2021-11-26 16:23:10,903 [WARN] ModelIntegratedComponent:51 - No mode defined for component null
2021-11-26 16:23:10,903 [WARN] ModelIntegratedComponent:51 - No mode defined for component null
2021-11-26 16:23:10,903 [WARN] ModelIntegratedComponent:51 - No mode defined for component null
2021-11-26 16:23:10,903 [WARN] ModelIntegratedComponent:51 - No mode defined for component null
2021-11-26 16:23:10,903 [WARN] ModelIntegratedComponent:51 - No mode defined for component null
2021-11-26 16:23:10,903 [WARN] ModelIntegratedComponent:51 - No mode defined for component null
2021-11-26 16:23:10,904 [WARN] ModelIntegratedComponent:51 - No mode defined for component null
2021-11-26 16:23:10,904 [WARN] ModelIntegratedComponent:51 - No mode defined for component null
2021-11-26 16:23:10,904 [WARN] ModelIntegratedComponent:51 - No mode defined for component null
2021-11-26 16:23:10,904 [WARN] ModelIntegratedComponent:51 - No mode defined for component null
2021-11-26 16:23:10,904 [WARN] ModelIntegratedComponent:51 - No mode defined for component null
2021-11-26 16:23:10,904 [WARN] ModelIntegratedComponent:51 - No mode defined for component null
2021-11-26 16:23:10,904 [WARN] ModelIntegratedComponent:51 - No mode defined for component null
2021-11-26 16:23:10,904 [WARN] ModelIntegratedComponent:51 - No mode defined for component null
2021-11-26 16:23:10,905 [WARN] ModelIntegratedComponent:51 - No mode defined for component null
2021-11-26 16:23:10,905 [WARN] ModelIntegratedComponent:51 - No mode defined for component null
2021-11-26 16:23:10,905 [WARN] ModelIntegratedComponent:51 - No mode defined for component null
2021-11-26 16:23:10,905 [WARN] ModelIntegratedComponent:51 - No mode defined for component null
2021-11-26 16:23:10,905 [WARN] ModelIntegratedComponent:51 - No mode defined for component null
2021-11-26 16:23:10,905 [WARN] ModelIntegratedComponent:51 - No mode defined for component null
2021-11-26 16:23:10,909 [WARN] ApiManager:294 - Cannot register API 'Board Extension:S2868A1' from pack STMicroelectronics.X-CUBE-SUBG2.4.0.0: no header file found
2021-11-26 16:23:10,910 [WARN] ApiManager:294 - Cannot register API 'Board Extension:S2868A2' from pack STMicroelectronics.X-CUBE-SUBG2.4.0.0: no header file found
2021-11-26 16:23:10,910 [WARN] ApiManager:294 - Cannot register API 'Board Extension:S2915A1' from pack STMicroelectronics.X-CUBE-SUBG2.4.0.0: no header file found
2021-11-26 16:23:10,912 [WARN] ApiManager:294 - Cannot register API 'Board Extension:S2868A1' from pack STMicroelectronics.X-CUBE-SUBG2.4.2.0: no header file found
2021-11-26 16:23:10,912 [WARN] ApiManager:294 - Cannot register API 'Board Extension:S2868A2' from pack STMicroelectronics.X-CUBE-SUBG2.4.2.0: no header file found
2021-11-26 16:23:10,912 [WARN] ApiManager:294 - Cannot register API 'Board Extension:S2915A1' from pack STMicroelectronics.X-CUBE-SUBG2.4.2.0: no header file found
2021-11-26 16:23:10,998 [WARN] ApiManager:294 - Cannot register API 'Board Extension:IKS01A3' from pack STMicroelectronics.X-CUBE-MEMS1.9.1.0: no header file found
2021-11-26 16:23:10,998 [WARN] ApiManager:294 - Cannot register API 'Board Extension:IKS01A2' from pack STMicroelectronics.X-CUBE-MEMS1.9.1.0: no header file found
2021-11-26 16:23:10,998 [WARN] ApiManager:294 - Cannot register API 'Board Extension:IKS02A1' from pack STMicroelectronics.X-CUBE-MEMS1.9.1.0: no header file found
2021-11-26 16:23:11,072 [WARN] ApiManager:294 - Cannot register API 'Board Extension:IKS01A3' from pack STMicroelectronics.X-CUBE-MEMS1.8.3.0: no header file found
2021-11-26 16:23:11,073 [WARN] ApiManager:294 - Cannot register API 'Board Extension:IKS01A2' from pack STMicroelectronics.X-CUBE-MEMS1.8.3.0: no header file found
2021-11-26 16:23:11,073 [WARN] ApiManager:294 - Cannot register API 'Board Extension:IKS02A1' from pack STMicroelectronics.X-CUBE-MEMS1.8.3.0: no header file found
2021-11-26 16:23:11,076 [WARN] ModelIntegratedComponent:180 - Modes not found for component STMicroelectronics:USB_DEVICE:1.0.0:STMicroelectronics:USB::USB Device:Audio HS::1.0:USB_DEVICE_1_0_RESTRICTED_HS
2021-11-26 16:23:11,076 [WARN] ModelIntegratedComponent:186 - Modes not found for component STMicroelectronics:USB_DEVICE:1.0.0:STMicroelectronics:USB::USB Device:Audio HS::1.0:USB_DEVICE_1_0_RESTRICTED_HS
2021-11-26 16:23:11,077 [WARN] ModelIntegratedComponent:180 - Modes not found for component STMicroelectronics:USB_DEVICE:1.0.0:STMicroelectronics:USB::USB Device:CDC HS::1.0:USB_DEVICE_1_0_RESTRICTED_HS
2021-11-26 16:23:11,077 [WARN] ModelIntegratedComponent:186 - Modes not found for component STMicroelectronics:USB_DEVICE:1.0.0:STMicroelectronics:USB::USB Device:CDC HS::1.0:USB_DEVICE_1_0_RESTRICTED_HS
2021-11-26 16:23:11,077 [WARN] ModelIntegratedComponent:180 - Modes not found for component STMicroelectronics:USB_DEVICE:1.0.0:STMicroelectronics:USB::USB Device:DFU HS::1.0:USB_DEVICE_1_0_RESTRICTED_HS
2021-11-26 16:23:11,077 [WARN] ModelIntegratedComponent:186 - Modes not found for component STMicroelectronics:USB_DEVICE:1.0.0:STMicroelectronics:USB::USB Device:DFU HS::1.0:USB_DEVICE_1_0_RESTRICTED_HS
2021-11-26 16:23:11,077 [WARN] ModelIntegratedComponent:180 - Modes not found for component STMicroelectronics:USB_DEVICE:1.0.0:STMicroelectronics:USB::USB Device:HID HS::1.0:USB_DEVICE_1_0_RESTRICTED_HS
2021-11-26 16:23:11,077 [WARN] ModelIntegratedComponent:186 - Modes not found for component STMicroelectronics:USB_DEVICE:1.0.0:STMicroelectronics:USB::USB Device:HID HS::1.0:USB_DEVICE_1_0_RESTRICTED_HS
2021-11-26 16:23:11,077 [WARN] ModelIntegratedComponent:180 - Modes not found for component STMicroelectronics:USB_DEVICE:1.0.0:STMicroelectronics:USB::USB Device:Custom HID HS::1.0:USB_DEVICE_1_0_RESTRICTED_HS
2021-11-26 16:23:11,077 [WARN] ModelIntegratedComponent:186 - Modes not found for component STMicroelectronics:USB_DEVICE:1.0.0:STMicroelectronics:USB::USB Device:Custom HID HS::1.0:USB_DEVICE_1_0_RESTRICTED_HS
2021-11-26 16:23:11,077 [WARN] ModelIntegratedComponent:180 - Modes not found for component STMicroelectronics:USB_DEVICE:1.0.0:STMicroelectronics:USB::USB Device:MSC HS::1.0:USB_DEVICE_1_0_RESTRICTED_HS
2021-11-26 16:23:11,077 [WARN] ModelIntegratedComponent:186 - Modes not found for component STMicroelectronics:USB_DEVICE:1.0.0:STMicroelectronics:USB::USB Device:MSC HS::1.0:USB_DEVICE_1_0_RESTRICTED_HS
2021-11-26 16:23:11,078 [WARN] ApiManager:294 - Cannot register API 'Board Extension:EEPRMA1' from pack STMicroelectronics.X-CUBE-EEPRMA1.3.1.0: no header file found
2021-11-26 16:23:11,078 [WARN] ApiManager:294 - Cannot register API 'Board Extension:EEPRMA2' from pack STMicroelectronics.X-CUBE-EEPRMA1.3.1.0: no header file found
2021-11-26 16:23:11,080 [WARN] ApiManager:294 - Cannot register API 'Board Extension:GNSS1A1' from pack STMicroelectronics.X-CUBE-GNSS1.5.2.0: no header file found
2021-11-26 16:23:11,080 [WARN] ApiManager:294 - Cannot register API 'Board Support:Custom' from pack STMicroelectronics.X-CUBE-GNSS1.5.2.0: no header file found
2021-11-26 16:23:11,080 [WARN] ApiManager:294 - Cannot register API 'Data Exchange:lib_gnss' from pack STMicroelectronics.X-CUBE-GNSS1.5.2.0: no header file found
2021-11-26 16:23:11,080 [WARN] ApiManager:294 - Cannot register API 'Wireless:BlueNRG-MS' from pack STMicroelectronics.X-CUBE-BLE1.6.1.0: no header file found
2021-11-26 16:23:11,082 [WARN] ApiManager:294 - Cannot register API 'Wireless:BlueNRG-2' from pack STMicroelectronics.X-CUBE-BLE2.3.1.0: no header file found
2021-11-26 16:23:13,244 [INFO] UtilMem:74 - End LoadConfig() Used Memory: 622294208 Bytes (1042284544)
2021-11-26 16:23:13,300 [WARN] ThirdParty:749 - waiting for thirdparty lock release [change project]
2021-11-26 16:23:13,300 [INFO] ThirdParty:751 - entering critical section [change project]
2021-11-26 16:23:13,300 [INFO] ThirdParty:939 - CMSIS Pack Vendor :RoweBots I-CUBE-UNISONRTOS 5.5.0-4
2021-11-26 16:23:13,300 [INFO] ThirdParty:939 - CMSIS Pack Vendor :STMicroelectronics X-CUBE-SFXS2LP1 3.0.0
2021-11-26 16:23:13,300 [INFO] ThirdParty:939 - CMSIS Pack Vendor :STMicroelectronics USB_HOST 2.0.0
2021-11-26 16:23:13,301 [INFO] ThirdParty:939 - CMSIS Pack Vendor :STMicroelectronics USB_DEVICE 3.0.0
2021-11-26 16:23:13,301 [INFO] ThirdParty:939 - CMSIS Pack Vendor :STMicroelectronics X-CUBE-SFXS2LP1 2.0.0
2021-11-26 16:23:13,301 [INFO] ThirdParty:939 - CMSIS Pack Vendor :STMicroelectronics X-CUBE-MEMS1 9.0.0
2021-11-26 16:23:13,301 [INFO] ThirdParty:939 - CMSIS Pack Vendor :STMicroelectronics X-CUBE-AZRTOS-H7 1.1.0
2021-11-26 16:23:13,301 [INFO] ThirdParty:939 - CMSIS Pack Vendor :STMicroelectronics USB_DEVICE 2.0.0
2021-11-26 16:23:13,301 [INFO] ThirdParty:939 - CMSIS Pack Vendor :STMicroelectronics X-CUBE-MEMS1 8.2.0
2021-11-26 16:23:13,301 [INFO] ThirdParty:939 - CMSIS Pack Vendor :STMicroelectronics X-CUBE-EEPRMA1 3.0.0
2021-11-26 16:23:13,301 [INFO] ThirdParty:939 - CMSIS Pack Vendor :STMicroelectronics FreeRTOS 0.0.1
2021-11-26 16:23:13,301 [INFO] ThirdParty:939 - CMSIS Pack Vendor :STMicroelectronics X-CUBE-ALGOBUILD 1.1.0
2021-11-26 16:23:13,301 [INFO] ThirdParty:939 - CMSIS Pack Vendor :SEGGER I-CUBE-embOS 1.2.0
2021-11-26 16:23:13,301 [INFO] ThirdParty:939 - CMSIS Pack Vendor :STMicroelectronics X-CUBE-GNSS1 5.1.0
2021-11-26 16:23:13,302 [INFO] ThirdParty:939 - CMSIS Pack Vendor :STMicroelectronics lwIP 2.0.3
2021-11-26 16:23:13,302 [INFO] ThirdParty:939 - CMSIS Pack Vendor :STMicroelectronics X-CUBE-BLE1 6.2.1
2021-11-26 16:23:13,302 [INFO] ThirdParty:939 - CMSIS Pack Vendor :STMicroelectronics X-CUBE-BLE1 6.2.2
2021-11-26 16:23:13,302 [INFO] ThirdParty:939 - CMSIS Pack Vendor :STMicroelectronics X-CUBE-BLE2 3.2.1
2021-11-26 16:23:13,302 [INFO] ThirdParty:939 - CMSIS Pack Vendor :STMicroelectronics X-CUBE-BLE2 3.2.2
2021-11-26 16:23:13,302 [INFO] ThirdParty:939 - CMSIS Pack Vendor :STMicroelectronics USB_HOST 1.0.0
2021-11-26 16:23:13,302 [INFO] ThirdParty:939 - CMSIS Pack Vendor :STMicroelectronics X-CUBE-TOUCHGFX 4.15.0
2021-11-26 16:23:13,302 [INFO] ThirdParty:939 - CMSIS Pack Vendor :STMicroelectronics X-CUBE-NFC4 2.0.3
2021-11-26 16:23:13,302 [INFO] ThirdParty:939 - CMSIS Pack Vendor :STMicroelectronics X-CUBE-NFC4 2.0.2
2021-11-26 16:23:13,303 [INFO] ThirdParty:939 - CMSIS Pack Vendor :STMicroelectronics X-CUBE-NFC4 2.0.1
2021-11-26 16:23:13,303 [INFO] ThirdParty:939 - CMSIS Pack Vendor :STMicroelectronics X-CUBE-TOUCHGFX 4.17.0
2021-11-26 16:23:13,303 [INFO] ThirdParty:939 - CMSIS Pack Vendor :STMicroelectronics PDM2PCM 3.1.0
2021-11-26 16:23:13,303 [INFO] ThirdParty:939 - CMSIS Pack Vendor :STMicroelectronics PDM2PCM 3.3.0
2021-11-26 16:23:13,303 [INFO] ThirdParty:939 - CMSIS Pack Vendor :STMicroelectronics X-CUBE-BLE2 3.2.0
2021-11-26 16:23:13,303 [INFO] ThirdParty:939 - CMSIS Pack Vendor :STMicroelectronics X-CUBE-SFXS2LP1 3.1.0
2021-11-26 16:23:13,303 [INFO] ThirdParty:939 - CMSIS Pack Vendor :STMicroelectronics X-CUBE-AZRTOS-F4 1.0.0
2021-11-26 16:23:13,303 [INFO] ThirdParty:939 - CMSIS Pack Vendor :STMicroelectronics X-CUBE-AZRTOS-H7 2.0.0
2021-11-26 16:23:13,304 [INFO] ThirdParty:939 - CMSIS Pack Vendor :STMicroelectronics X-CUBE-SUBG2 3.0.1
2021-11-26 16:23:13,304 [INFO] ThirdParty:939 - CMSIS Pack Vendor :STMicroelectronics X-CUBE-SUBG2 3.0.0
2021-11-26 16:23:13,304 [INFO] ThirdParty:939 - CMSIS Pack Vendor :STMicroelectronics X-CUBE-AZRTOS-L4 1.0.0
2021-11-26 16:23:13,304 [INFO] ThirdParty:939 - CMSIS Pack Vendor :STMicroelectronics X-CUBE-TOF1 2.0.0
2021-11-26 16:23:13,304 [INFO] ThirdParty:939 - CMSIS Pack Vendor :STMicroelectronics HAL Drivers 0.0.0
2021-11-26 16:23:13,304 [INFO] ThirdParty:939 - CMSIS Pack Vendor :STMicroelectronics MBEDTLS 2.16.2
2021-11-26 16:23:13,304 [INFO] ThirdParty:939 - CMSIS Pack Vendor :STMicroelectronics MBEDTLS 2.14.1
2021-11-26 16:23:13,304 [INFO] ThirdParty:939 - CMSIS Pack Vendor :STMicroelectronics X-CUBE-SUBG2 4.0.0
2021-11-26 16:23:13,304 [INFO] ThirdParty:939 - CMSIS Pack Vendor :STMicroelectronics X-CUBE-SUBG2 4.2.0
2021-11-26 16:23:13,305 [INFO] ThirdParty:939 - CMSIS Pack Vendor :STMicroelectronics X-CUBE-MEMS1 9.1.0
2021-11-26 16:23:13,305 [INFO] ThirdParty:939 - CMSIS Pack Vendor :STMicroelectronics X-CUBE-AZRTOS-H7 1.0.0
2021-11-26 16:23:13,305 [INFO] ThirdParty:939 - CMSIS Pack Vendor :STMicroelectronics X-CUBE-TOF1 1.0.0
2021-11-26 16:23:13,305 [INFO] ThirdParty:939 - CMSIS Pack Vendor :STMicroelectronics X-CUBE-ALS 1.0.0
2021-11-26 16:23:13,305 [INFO] ThirdParty:939 - CMSIS Pack Vendor :STMicroelectronics X-CUBE-ALS 1.0.1
2021-11-26 16:23:13,305 [INFO] ThirdParty:939 - CMSIS Pack Vendor :STMicroelectronics X-CUBE-AI 7.0.0
2021-11-26 16:23:13,305 [INFO] ThirdParty:939 - CMSIS Pack Vendor :STMicroelectronics X-CUBE-ALGOBUILD 1.2.1
2021-11-26 16:23:13,305 [INFO] ThirdParty:939 - CMSIS Pack Vendor :STMicroelectronics X-CUBE-MEMS1 8.3.0
2021-11-26 16:23:13,306 [INFO] ThirdParty:939 - CMSIS Pack Vendor :STMicroelectronics X-CUBE-DISPLAY 1.0.0
2021-11-26 16:23:13,306 [INFO] ThirdParty:939 - CMSIS Pack Vendor :STMicroelectronics USB_DEVICE 1.0.0
2021-11-26 16:23:13,306 [INFO] ThirdParty:939 - CMSIS Pack Vendor :STMicroelectronics X-CUBE-AI 6.0.0
2021-11-26 16:23:13,306 [INFO] ThirdParty:939 - CMSIS Pack Vendor :STMicroelectronics X-CUBE-EEPRMA1 3.1.0
2021-11-26 16:23:13,306 [INFO] ThirdParty:939 - CMSIS Pack Vendor :STMicroelectronics X-CUBE-ALGOBUILD 1.2.0
2021-11-26 16:23:13,306 [INFO] ThirdParty:939 - CMSIS Pack Vendor :STMicroelectronics X-CUBE-GNSS1 5.2.0
2021-11-26 16:23:13,306 [INFO] ThirdParty:939 - CMSIS Pack Vendor :STMicroelectronics X-CUBE-BLE1 6.1.0
2021-11-26 16:23:13,306 [INFO] ThirdParty:939 - CMSIS Pack Vendor :STMicroelectronics lwIP 2.1.2
2021-11-26 16:23:13,307 [INFO] ThirdParty:939 - CMSIS Pack Vendor :STMicroelectronics X-CUBE-DISPLAY 2.0.0
2021-11-26 16:23:13,307 [INFO] ThirdParty:939 - CMSIS Pack Vendor :wolfSSL I-CUBE-wolfSSL 4.7.0
2021-11-26 16:23:13,307 [INFO] ThirdParty:939 - CMSIS Pack Vendor :STMicroelectronics X-CUBE-AI 5.2.0
2021-11-26 16:23:13,307 [INFO] ThirdParty:939 - CMSIS Pack Vendor :STMicroelectronics X-CUBE-TOUCHGFX 4.16.1
2021-11-26 16:23:13,307 [INFO] ThirdParty:939 - CMSIS Pack Vendor :STMicroelectronics X-CUBE-TOUCHGFX 4.16.0
2021-11-26 16:23:13,307 [INFO] ThirdParty:939 - CMSIS Pack Vendor :STMicroelectronics PDM2PCM 3.2.0
2021-11-26 16:23:13,307 [INFO] ThirdParty:939 - CMSIS Pack Vendor :STMicroelectronics X-CUBE-BLE2 3.1.0
2021-11-26 16:23:13,307 [INFO] ThirdParty:939 - CMSIS Pack Vendor :STMicroelectronics X-CUBE-TOUCHGFX 4.18.0
2021-11-26 16:23:13,308 [INFO] ThirdParty:757 - exiting critical section [change project]
2021-11-26 16:23:14,149 [INFO] PinOutPanel:1434 - setPackage(No Configuration,No Configuration)
2021-11-26 16:23:14,151 [INFO] PinOutPanel:1434 - setPackage(STM32F411RETx,LQFP64)
2021-11-26 16:23:15,710 [INFO] UtilMem:74 - Before build in PCC Used Memory: 688128040 Bytes (1042284544)
2021-11-26 16:23:18,672 [INFO] SharedServices:72 - Folder for power plug-in: C:/Users/leona/.stm32cubemx/plugins/power
2021-11-26 16:23:18,787 [INFO] SharedServices:72 - Folder for power plug-in: C:/Users/leona/.stm32cubemx/plugins/power
2021-11-26 16:23:18,869 [INFO] SharedServices:72 - Folder for power plug-in: C:/Users/leona/.stm32cubemx/plugins/power
2021-11-26 16:23:18,876 [INFO] SharedServices:72 - Folder for power plug-in: C:/Users/leona/.stm32cubemx/plugins/power
2021-11-26 16:23:19,672 [INFO] UtilMem:74 - After build in PCC Used Memory: 744224816 Bytes (1042284544)
2021-11-26 16:23:19,701 [INFO] IPUIPlugin:64 - create IPUIPlugin
2021-11-26 16:23:19,702 [INFO] IPUIPlugin:64 - create IPUIPlugin
2021-11-26 16:23:19,702 [INFO] IPUIPlugin:64 - create IPUIPlugin
2021-11-26 16:23:19,702 [INFO] IPUIPlugin:64 - create IPUIPlugin
2021-11-26 16:23:19,702 [INFO] IPUIPlugin:64 - create IPUIPlugin
2021-11-26 16:23:19,702 [INFO] IPUIPlugin:64 - create IPUIPlugin
2021-11-26 16:23:19,702 [INFO] IPUIPlugin:64 - create IPUIPlugin
2021-11-26 16:23:19,703 [INFO] IPUIPlugin:64 - create IPUIPlugin
2021-11-26 16:23:19,703 [INFO] IPUIPlugin:64 - create IPUIPlugin
2021-11-26 16:23:19,703 [INFO] IPUIPlugin:64 - create IPUIPlugin
2021-11-26 16:23:19,703 [INFO] IPUIPlugin:64 - create IPUIPlugin
2021-11-26 16:23:19,703 [INFO] IPUIPlugin:64 - create IPUIPlugin
2021-11-26 16:23:19,703 [INFO] IPUIPlugin:64 - create IPUIPlugin
2021-11-26 16:23:19,704 [INFO] IPUIPlugin:64 - create IPUIPlugin
2021-11-26 16:23:19,704 [INFO] IPUIPlugin:64 - create IPUIPlugin
2021-11-26 16:23:19,704 [INFO] IPUIPlugin:64 - create IPUIPlugin
2021-11-26 16:23:19,705 [INFO] IPUIPlugin:64 - create IPUIPlugin
2021-11-26 16:23:19,705 [INFO] IPUIPlugin:64 - create IPUIPlugin
2021-11-26 16:23:19,705 [INFO] IPUIPlugin:64 - create IPUIPlugin
2021-11-26 16:23:19,705 [INFO] IPUIPlugin:64 - create IPUIPlugin
2021-11-26 16:23:19,706 [INFO] IPUIPlugin:64 - create IPUIPlugin
2021-11-26 16:23:19,706 [INFO] IPUIPlugin:64 - create IPUIPlugin
2021-11-26 16:23:19,706 [INFO] IPUIPlugin:64 - create IPUIPlugin
2021-11-26 16:23:19,707 [INFO] IPUIPlugin:64 - create IPUIPlugin
2021-11-26 16:23:19,707 [INFO] IPUIPlugin:64 - create IPUIPlugin
2021-11-26 16:23:19,707 [INFO] IPUIPlugin:64 - create IPUIPlugin
2021-11-26 16:23:19,708 [INFO] IPUIPlugin:64 - create IPUIPlugin
2021-11-26 16:23:19,708 [INFO] IPUIPlugin:64 - create IPUIPlugin
2021-11-26 16:23:19,709 [INFO] IPUIPlugin:64 - create IPUIPlugin
2021-11-26 16:23:19,709 [INFO] IPUIPlugin:64 - create IPUIPlugin
2021-11-26 16:23:19,710 [INFO] IPUIPlugin:64 - create IPUIPlugin
2021-11-26 16:23:19,710 [INFO] IPUIPlugin:64 - create IPUIPlugin
2021-11-26 16:23:19,710 [INFO] IPUIPlugin:64 - create IPUIPlugin
2021-11-26 16:23:19,711 [INFO] IPUIPlugin:64 - create IPUIPlugin
2021-11-26 16:23:19,711 [INFO] IPUIPlugin:64 - create IPUIPlugin
2021-11-26 16:23:19,712 [INFO] IPUIPlugin:64 - create IPUIPlugin
2021-11-26 16:23:19,712 [INFO] IPUIPlugin:64 - create IPUIPlugin
2021-11-26 16:23:19,712 [INFO] IPUIPlugin:64 - create IPUIPlugin
2021-11-26 16:23:19,713 [INFO] IPUIPlugin:64 - create IPUIPlugin
2021-11-26 16:23:19,713 [INFO] IPUIPlugin:64 - create IPUIPlugin
2021-11-26 16:23:19,714 [INFO] IPUIPlugin:64 - create IPUIPlugin
2021-11-26 16:23:19,715 [INFO] IPUIPlugin:64 - create IPUIPlugin
2021-11-26 16:23:19,715 [INFO] IPUIPlugin:64 - create IPUIPlugin
2021-11-26 16:23:20,201 [INFO] ApiDbMcu:456 - Load IP Config File for PDM2PCM
2021-11-26 16:23:20,445 [INFO] LogOutputStream:76 - [STDOUT_REDIRECT] toolchainItems.length=====1
2021-11-26 16:23:21,061 [INFO] OpenFileManager:294 - Restore cursor
2021-11-26 16:23:22,116 [INFO] UtilMem:74 - End SaveConfig() Used Memory: 810811432 Bytes (1042284544)
2021-11-26 16:23:22,248 [INFO] UtilMem:74 - End SaveConfig() Used Memory: 817625136 Bytes (1042284544)
2021-11-26 16:23:22,961 [INFO] BlockDiagram:2735 - set Specific Code input for plugin: NVIC
2021-11-26 16:23:22,962 [INFO] BlockDiagram:2735 - set Specific Code input for plugin: SYS
2021-11-26 16:23:22,962 [INFO] BlockDiagram:2735 - set Specific Code input for plugin: RCC
2021-11-26 16:23:22,966 [INFO] CodeGenerator:639 - code generatio: config db path: C:\ST\STM32CubeIDE_1.5.0\STM32CubeIDE\plugins\com.st.stm32cube.common.mx_6.1.0.202011121557\\db\
2021-11-26 16:23:23,943 [INFO] CodeEngine:229 - oldGeneratedFile, C:\Users\leona\Dropbox\My PC (LAPTOP-0GJU559A)\Documents\github\STM32-codes\MasteringMCU\TEST1\MXTmpFiles\license.tmp_save
2021-11-26 16:23:25,264 [INFO] CodeEngine:247 - Generated code: C:\Users\leona\Dropbox\My PC (LAPTOP-0GJU559A)\Documents\github\STM32-codes\MasteringMCU\TEST1\MXTmpFiles\license.tmp
2021-11-26 16:23:25,685 [INFO] CodeEngine:229 - oldGeneratedFile, C:\Users\leona\Dropbox\My PC (LAPTOP-0GJU559A)\Documents\github\STM32-codes\MasteringMCU\TEST1\Core\Src\stm32f4xx_it.c_save
2021-11-26 16:23:25,942 [INFO] CodeEngine:247 - Generated code: C:\Users\leona\Dropbox\My PC (LAPTOP-0GJU559A)\Documents\github\STM32-codes\MasteringMCU\TEST1\Core\Src\stm32f4xx_it.c
2021-11-26 16:23:25,993 [INFO] CodeEngine:229 - oldGeneratedFile, C:\Users\leona\Dropbox\My PC (LAPTOP-0GJU559A)\Documents\github\STM32-codes\MasteringMCU\TEST1\Core\Inc\stm32f4xx_it.h_save
2021-11-26 16:23:26,134 [INFO] CodeEngine:247 - Generated code: C:\Users\leona\Dropbox\My PC (LAPTOP-0GJU559A)\Documents\github\STM32-codes\MasteringMCU\TEST1\Core\Inc\stm32f4xx_it.h
2021-11-26 16:23:26,205 [INFO] CodeEngine:229 - oldGeneratedFile, C:\Users\leona\Dropbox\My PC (LAPTOP-0GJU559A)\Documents\github\STM32-codes\MasteringMCU\TEST1\Core\Src\stm32f4xx_hal_msp.c_save
2021-11-26 16:23:26,386 [INFO] CodeEngine:247 - Generated code: C:\Users\leona\Dropbox\My PC (LAPTOP-0GJU559A)\Documents\github\STM32-codes\MasteringMCU\TEST1\Core\Src\stm32f4xx_hal_msp.c
2021-11-26 16:23:26,435 [INFO] CodeEngine:229 - oldGeneratedFile, C:\Users\leona\Dropbox\My PC (LAPTOP-0GJU559A)\Documents\github\STM32-codes\MasteringMCU\TEST1\MXTmpFiles\system.tmp_save
2021-11-26 16:23:26,547 [INFO] CodeEngine:247 - Generated code: C:\Users\leona\Dropbox\My PC (LAPTOP-0GJU559A)\Documents\github\STM32-codes\MasteringMCU\TEST1\MXTmpFiles\system.tmp
2021-11-26 16:23:26,620 [INFO] CodeEngine:229 - oldGeneratedFile, C:\Users\leona\Dropbox\My PC (LAPTOP-0GJU559A)\Documents\github\STM32-codes\MasteringMCU\TEST1\Core\Inc\stm32f4xx_hal_conf.h_save
2021-11-26 16:23:26,790 [INFO] CodeEngine:247 - Generated code: C:\Users\leona\Dropbox\My PC (LAPTOP-0GJU559A)\Documents\github\STM32-codes\MasteringMCU\TEST1\Core\Inc\stm32f4xx_hal_conf.h
2021-11-26 16:23:26,988 [INFO] CodeEngine:229 - oldGeneratedFile, C:\Users\leona\Dropbox\My PC (LAPTOP-0GJU559A)\Documents\github\STM32-codes\MasteringMCU\TEST1\Core\Inc\main.h_save
2021-11-26 16:23:27,135 [INFO] CodeEngine:247 - Generated code: C:\Users\leona\Dropbox\My PC (LAPTOP-0GJU559A)\Documents\github\STM32-codes\MasteringMCU\TEST1\Core\Inc\main.h
2021-11-26 16:23:27,191 [INFO] CodeEngine:229 - oldGeneratedFile, C:\Users\leona\Dropbox\My PC (LAPTOP-0GJU559A)\Documents\github\STM32-codes\MasteringMCU\TEST1\Core\Src\main.c_save
2021-11-26 16:23:27,442 [INFO] CodeEngine:247 - Generated code: C:\Users\leona\Dropbox\My PC (LAPTOP-0GJU559A)\Documents\github\STM32-codes\MasteringMCU\TEST1\Core\Src\main.c
2021-11-26 16:23:30,702 [INFO] ProjectBuilder:2328 - Time for Copy HAL[1] : 2704mS.
2021-11-26 16:23:30,745 [INFO] ProjectBuilder:3259 - Project Generator version: 3.11.0-B13
2021-11-26 16:23:32,123 [INFO] ConfigFileManager:1238 - The Die is : DIE431
2021-11-26 16:23:32,190 [INFO] ApiDbMcu:456 - Load IP Config File for FATFS
2021-11-26 16:23:32,256 [INFO] ApiDbMcu:456 - Load IP Config File for FREERTOS
2021-11-26 16:23:32,316 [INFO] ApiDbMcu:456 - Load IP Config File for LIBJPEG
2021-11-26 16:23:32,398 [INFO] ApiDbMcu:456 - Load IP Config File for MBEDTLS
2021-11-26 16:23:32,456 [INFO] ApiDbMcu:456 - Load IP Config File for USB_DEVICE
2021-11-26 16:23:32,489 [INFO] ApiDbMcu:456 - Load IP Config File for USB_HOST
2021-11-26 16:24:11,304 [INFO] ProjectBuilder:3425 - Time for Generating toolchain IDE Files: 40559mS.
2021-11-26 16:24:11,307 [INFO] ProjectBuilder:2207 - Time for Copy CMSIS : 2mS.
2021-11-26 16:24:11,312 [INFO] ProjectBuilder:2207 - Time for Copy CMSIS : 0mS.
2021-11-26 16:24:12,851 [INFO] ApiDb:263 - Save user favorites file C:\Users\leona/.stm32cubeide/favorites.mcus.txt: 0 item(s)
2021-11-26 16:24:12,852 [INFO] ApiDb:267 - User favorites MCUs=[]
2021-11-26 16:46:04,196 [INFO] UtilMem:74 - End SaveConfig() Used Memory: 530149288 Bytes (1073741824)
2021-11-26 16:46:04,445 [INFO] BlockDiagram:2735 - set Specific Code input for plugin: NVIC
2021-11-26 16:46:04,445 [INFO] BlockDiagram:2735 - set Specific Code input for plugin: SYS
2021-11-26 16:46:04,445 [INFO] BlockDiagram:2735 - set Specific Code input for plugin: RCC
2021-11-26 16:46:04,447 [INFO] CodeGenerator:639 - code generatio: config db path: C:\ST\STM32CubeIDE_1.5.0\STM32CubeIDE\plugins\com.st.stm32cube.common.mx_6.1.0.202011121557\\db\
2021-11-26 16:46:04,642 [INFO] CodeEngine:229 - oldGeneratedFile, C:\Users\leona\Dropbox\My PC (LAPTOP-0GJU559A)\Documents\github\STM32-codes\MasteringMCU\TEST1\MXTmpFiles\license.tmp_save
2021-11-26 16:46:04,839 [INFO] CodeEngine:247 - Generated code: C:\Users\leona\Dropbox\My PC (LAPTOP-0GJU559A)\Documents\github\STM32-codes\MasteringMCU\TEST1\MXTmpFiles\license.tmp
2021-11-26 16:46:04,936 [INFO] CodeEngine:229 - oldGeneratedFile, C:\Users\leona\Dropbox\My PC (LAPTOP-0GJU559A)\Documents\github\STM32-codes\MasteringMCU\TEST1\Core\Src\stm32f4xx_it.c_save
2021-11-26 16:46:05,094 [INFO] CodeEngine:247 - Generated code: C:\Users\leona\Dropbox\My PC (LAPTOP-0GJU559A)\Documents\github\STM32-codes\MasteringMCU\TEST1\Core\Src\stm32f4xx_it.c
2021-11-26 16:46:05,195 [INFO] CodeEngine:229 - oldGeneratedFile, C:\Users\leona\Dropbox\My PC (LAPTOP-0GJU559A)\Documents\github\STM32-codes\MasteringMCU\TEST1\Core\Inc\stm32f4xx_it.h_save
2021-11-26 16:46:05,415 [INFO] CodeEngine:247 - Generated code: C:\Users\leona\Dropbox\My PC (LAPTOP-0GJU559A)\Documents\github\STM32-codes\MasteringMCU\TEST1\Core\Inc\stm32f4xx_it.h
2021-11-26 16:46:05,495 [INFO] CodeEngine:229 - oldGeneratedFile, C:\Users\leona\Dropbox\My PC (LAPTOP-0GJU559A)\Documents\github\STM32-codes\MasteringMCU\TEST1\Core\Src\stm32f4xx_hal_msp.c_save
2021-11-26 16:46:05,609 [INFO] CodeEngine:247 - Generated code: C:\Users\leona\Dropbox\My PC (LAPTOP-0GJU559A)\Documents\github\STM32-codes\MasteringMCU\TEST1\Core\Src\stm32f4xx_hal_msp.c
2021-11-26 16:46:05,638 [INFO] CodeEngine:229 - oldGeneratedFile, C:\Users\leona\Dropbox\My PC (LAPTOP-0GJU559A)\Documents\github\STM32-codes\MasteringMCU\TEST1\MXTmpFiles\system.tmp_save
2021-11-26 16:46:05,693 [INFO] CodeEngine:247 - Generated code: C:\Users\leona\Dropbox\My PC (LAPTOP-0GJU559A)\Documents\github\STM32-codes\MasteringMCU\TEST1\MXTmpFiles\system.tmp
2021-11-26 16:46:05,753 [INFO] CodeEngine:229 - oldGeneratedFile, C:\Users\leona\Dropbox\My PC (LAPTOP-0GJU559A)\Documents\github\STM32-codes\MasteringMCU\TEST1\Core\Inc\stm32f4xx_hal_conf.h_save
2021-11-26 16:46:05,901 [INFO] CodeEngine:247 - Generated code: C:\Users\leona\Dropbox\My PC (LAPTOP-0GJU559A)\Documents\github\STM32-codes\MasteringMCU\TEST1\Core\Inc\stm32f4xx_hal_conf.h
2021-11-26 16:46:05,990 [INFO] CodeEngine:229 - oldGeneratedFile, C:\Users\leona\Dropbox\My PC (LAPTOP-0GJU559A)\Documents\github\STM32-codes\MasteringMCU\TEST1\Core\Inc\main.h_save
2021-11-26 16:46:06,096 [INFO] CodeEngine:247 - Generated code: C:\Users\leona\Dropbox\My PC (LAPTOP-0GJU559A)\Documents\github\STM32-codes\MasteringMCU\TEST1\Core\Inc\main.h
2021-11-26 16:46:06,143 [INFO] CodeEngine:229 - oldGeneratedFile, C:\Users\leona\Dropbox\My PC (LAPTOP-0GJU559A)\Documents\github\STM32-codes\MasteringMCU\TEST1\Core\Src\main.c_save
2021-11-26 16:46:06,269 [INFO] CodeEngine:247 - Generated code: C:\Users\leona\Dropbox\My PC (LAPTOP-0GJU559A)\Documents\github\STM32-codes\MasteringMCU\TEST1\Core\Src\main.c
2021-11-26 16:46:07,867 [INFO] ProjectBuilder:2328 - Time for Copy HAL[1] : 1223mS.
2021-11-26 16:46:07,874 [INFO] ProjectBuilder:3259 - Project Generator version: 3.11.0-B13
2021-11-26 16:46:08,663 [INFO] ConfigFileManager:1238 - The Die is : DIE431
2021-11-26 16:46:11,825 [INFO] ProjectBuilder:3425 - Time for Generating toolchain IDE Files: 3951mS.
2021-11-26 16:46:11,826 [INFO] ProjectBuilder:2207 - Time for Copy CMSIS : 1mS.
2021-11-26 16:46:11,831 [INFO] ProjectBuilder:2207 - Time for Copy CMSIS : 0mS.
2021-11-26 16:46:43,817 [INFO] UtilMem:74 - End SaveConfig() Used Memory: 589593808 Bytes (1073741824)
2021-11-26 16:46:44,021 [INFO] BlockDiagram:2735 - set Specific Code input for plugin: NVIC
2021-11-26 16:46:44,021 [INFO] BlockDiagram:2735 - set Specific Code input for plugin: SYS
2021-11-26 16:46:44,021 [INFO] BlockDiagram:2735 - set Specific Code input for plugin: RCC
2021-11-26 16:46:44,023 [INFO] CodeGenerator:639 - code generatio: config db path: C:\ST\STM32CubeIDE_1.5.0\STM32CubeIDE\plugins\com.st.stm32cube.common.mx_6.1.0.202011121557\\db\
2021-11-26 16:46:44,195 [INFO] CodeEngine:229 - oldGeneratedFile, C:\Users\leona\Dropbox\My PC (LAPTOP-0GJU559A)\Documents\github\STM32-codes\MasteringMCU\TEST1\MXTmpFiles\license.tmp_save
2021-11-26 16:46:44,263 [INFO] CodeEngine:247 - Generated code: C:\Users\leona\Dropbox\My PC (LAPTOP-0GJU559A)\Documents\github\STM32-codes\MasteringMCU\TEST1\MXTmpFiles\license.tmp
2021-11-26 16:46:44,296 [INFO] CodeEngine:229 - oldGeneratedFile, C:\Users\leona\Dropbox\My PC (LAPTOP-0GJU559A)\Documents\github\STM32-codes\MasteringMCU\TEST1\Core\Src\stm32f4xx_it.c_save
2021-11-26 16:46:44,418 [INFO] CodeEngine:247 - Generated code: C:\Users\leona\Dropbox\My PC (LAPTOP-0GJU559A)\Documents\github\STM32-codes\MasteringMCU\TEST1\Core\Src\stm32f4xx_it.c
2021-11-26 16:46:44,427 [INFO] CodeEngine:229 - oldGeneratedFile, C:\Users\leona\Dropbox\My PC (LAPTOP-0GJU559A)\Documents\github\STM32-codes\MasteringMCU\TEST1\Core\Inc\stm32f4xx_it.h_save
2021-11-26 16:46:44,517 [INFO] CodeEngine:247 - Generated code: C:\Users\leona\Dropbox\My PC (LAPTOP-0GJU559A)\Documents\github\STM32-codes\MasteringMCU\TEST1\Core\Inc\stm32f4xx_it.h
2021-11-26 16:46:44,588 [INFO] CodeEngine:229 - oldGeneratedFile, C:\Users\leona\Dropbox\My PC (LAPTOP-0GJU559A)\Documents\github\STM32-codes\MasteringMCU\TEST1\Core\Src\stm32f4xx_hal_msp.c_save
2021-11-26 16:46:44,682 [INFO] CodeEngine:247 - Generated code: C:\Users\leona\Dropbox\My PC (LAPTOP-0GJU559A)\Documents\github\STM32-codes\MasteringMCU\TEST1\Core\Src\stm32f4xx_hal_msp.c
2021-11-26 16:46:44,689 [INFO] CodeEngine:229 - oldGeneratedFile, C:\Users\leona\Dropbox\My PC (LAPTOP-0GJU559A)\Documents\github\STM32-codes\MasteringMCU\TEST1\MXTmpFiles\system.tmp_save
2021-11-26 16:46:44,741 [INFO] CodeEngine:247 - Generated code: C:\Users\leona\Dropbox\My PC (LAPTOP-0GJU559A)\Documents\github\STM32-codes\MasteringMCU\TEST1\MXTmpFiles\system.tmp
2021-11-26 16:46:44,808 [INFO] CodeEngine:229 - oldGeneratedFile, C:\Users\leona\Dropbox\My PC (LAPTOP-0GJU559A)\Documents\github\STM32-codes\MasteringMCU\TEST1\Core\Inc\stm32f4xx_hal_conf.h_save
2021-11-26 16:46:44,908 [INFO] CodeEngine:247 - Generated code: C:\Users\leona\Dropbox\My PC (LAPTOP-0GJU559A)\Documents\github\STM32-codes\MasteringMCU\TEST1\Core\Inc\stm32f4xx_hal_conf.h
2021-11-26 16:46:44,985 [INFO] CodeEngine:229 - oldGeneratedFile, C:\Users\leona\Dropbox\My PC (LAPTOP-0GJU559A)\Documents\github\STM32-codes\MasteringMCU\TEST1\Core\Inc\main.h_save
2021-11-26 16:46:45,057 [INFO] CodeEngine:247 - Generated code: C:\Users\leona\Dropbox\My PC (LAPTOP-0GJU559A)\Documents\github\STM32-codes\MasteringMCU\TEST1\Core\Inc\main.h
2021-11-26 16:46:45,127 [INFO] CodeEngine:229 - oldGeneratedFile, C:\Users\leona\Dropbox\My PC (LAPTOP-0GJU559A)\Documents\github\STM32-codes\MasteringMCU\TEST1\Core\Src\main.c_save
2021-11-26 16:46:45,318 [INFO] CodeEngine:247 - Generated code: C:\Users\leona\Dropbox\My PC (LAPTOP-0GJU559A)\Documents\github\STM32-codes\MasteringMCU\TEST1\Core\Src\main.c
2021-11-26 16:46:46,024 [INFO] ProjectBuilder:2328 - Time for Copy HAL[1] : 312mS.
2021-11-26 16:46:46,033 [INFO] ProjectBuilder:3259 - Project Generator version: 3.11.0-B13
2021-11-26 16:46:46,252 [INFO] ConfigFileManager:1238 - The Die is : DIE431
2021-11-26 16:46:48,565 [INFO] ProjectBuilder:3425 - Time for Generating toolchain IDE Files: 2532mS.
2021-11-26 16:46:48,567 [INFO] ProjectBuilder:2207 - Time for Copy CMSIS : 1mS.
2021-11-26 16:46:48,574 [INFO] ProjectBuilder:2207 - Time for Copy CMSIS : 1mS.
2021-11-26 16:48:26,453 [INFO] UtilMem:74 - End SaveConfig() Used Memory: 513145136 Bytes (1073741824)
2021-11-26 16:48:27,903 [INFO] UtilMem:74 - End SaveConfig() Used Memory: 570290488 Bytes (1073741824)
2021-11-26 16:48:28,072 [INFO] BlockDiagram:2735 - set Specific Code input for plugin: NVIC
2021-11-26 16:48:28,073 [INFO] BlockDiagram:2735 - set Specific Code input for plugin: USART
2021-11-26 16:48:28,073 [INFO] BlockDiagram:2735 - set Specific Code input for plugin: SYS
2021-11-26 16:48:28,073 [INFO] BlockDiagram:2735 - set Specific Code input for plugin: GPIO
2021-11-26 16:48:28,073 [INFO] BlockDiagram:2735 - set Specific Code input for plugin: RCC
2021-11-26 16:48:28,075 [INFO] CodeGenerator:639 - code generatio: config db path: C:\ST\STM32CubeIDE_1.5.0\STM32CubeIDE\plugins\com.st.stm32cube.common.mx_6.1.0.202011121557\\db\
2021-11-26 16:48:28,248 [INFO] CodeEngine:229 - oldGeneratedFile, C:\Users\leona\Dropbox\My PC (LAPTOP-0GJU559A)\Documents\github\STM32-codes\MasteringMCU\TEST1\MXTmpFiles\license.tmp_save
2021-11-26 16:48:28,313 [INFO] CodeEngine:247 - Generated code: C:\Users\leona\Dropbox\My PC (LAPTOP-0GJU559A)\Documents\github\STM32-codes\MasteringMCU\TEST1\MXTmpFiles\license.tmp
2021-11-26 16:48:28,591 [INFO] CodeEngine:229 - oldGeneratedFile, C:\Users\leona\Dropbox\My PC (LAPTOP-0GJU559A)\Documents\github\STM32-codes\MasteringMCU\TEST1\MXTmpFiles\gpio.tmp_save
2021-11-26 16:48:28,702 [INFO] CodeEngine:247 - Generated code: C:\Users\leona\Dropbox\My PC (LAPTOP-0GJU559A)\Documents\github\STM32-codes\MasteringMCU\TEST1\MXTmpFiles\gpio.tmp
2021-11-26 16:48:28,881 [INFO] LogOutputStream:76 - [STDOUT_REDIRECT] Command line
2021-11-26 16:48:28,904 [INFO] CodeEngine:229 - oldGeneratedFile, C:\Users\leona\Dropbox\My PC (LAPTOP-0GJU559A)\Documents\github\STM32-codes\MasteringMCU\TEST1\Core\Src\stm32f4xx_it.c_save
2021-11-26 16:48:28,995 [INFO] CodeEngine:247 - Generated code: C:\Users\leona\Dropbox\My PC (LAPTOP-0GJU559A)\Documents\github\STM32-codes\MasteringMCU\TEST1\Core\Src\stm32f4xx_it.c
2021-11-26 16:48:29,005 [INFO] CodeEngine:229 - oldGeneratedFile, C:\Users\leona\Dropbox\My PC (LAPTOP-0GJU559A)\Documents\github\STM32-codes\MasteringMCU\TEST1\Core\Inc\stm32f4xx_it.h_save
2021-11-26 16:48:29,071 [INFO] CodeEngine:247 - Generated code: C:\Users\leona\Dropbox\My PC (LAPTOP-0GJU559A)\Documents\github\STM32-codes\MasteringMCU\TEST1\Core\Inc\stm32f4xx_it.h
2021-11-26 16:48:29,098 [INFO] CodeEngine:229 - oldGeneratedFile, C:\Users\leona\Dropbox\My PC (LAPTOP-0GJU559A)\Documents\github\STM32-codes\MasteringMCU\TEST1\Core\Src\stm32f4xx_hal_msp.c_save
2021-11-26 16:48:29,218 [INFO] CodeEngine:247 - Generated code: C:\Users\leona\Dropbox\My PC (LAPTOP-0GJU559A)\Documents\github\STM32-codes\MasteringMCU\TEST1\Core\Src\stm32f4xx_hal_msp.c
2021-11-26 16:48:29,224 [INFO] CodeEngine:229 - oldGeneratedFile, C:\Users\leona\Dropbox\My PC (LAPTOP-0GJU559A)\Documents\github\STM32-codes\MasteringMCU\TEST1\MXTmpFiles\system.tmp_save
2021-11-26 16:48:29,279 [INFO] CodeEngine:247 - Generated code: C:\Users\leona\Dropbox\My PC (LAPTOP-0GJU559A)\Documents\github\STM32-codes\MasteringMCU\TEST1\MXTmpFiles\system.tmp
2021-11-26 16:48:29,305 [INFO] CodeEngine:229 - oldGeneratedFile, C:\Users\leona\Dropbox\My PC (LAPTOP-0GJU559A)\Documents\github\STM32-codes\MasteringMCU\TEST1\Core\Inc\stm32f4xx_hal_conf.h_save
2021-11-26 16:48:29,458 [INFO] CodeEngine:247 - Generated code: C:\Users\leona\Dropbox\My PC (LAPTOP-0GJU559A)\Documents\github\STM32-codes\MasteringMCU\TEST1\Core\Inc\stm32f4xx_hal_conf.h
2021-11-26 16:48:29,517 [INFO] CodeEngine:229 - oldGeneratedFile, C:\Users\leona\Dropbox\My PC (LAPTOP-0GJU559A)\Documents\github\STM32-codes\MasteringMCU\TEST1\Core\Inc\main.h_save
2021-11-26 16:48:29,618 [INFO] CodeEngine:247 - Generated code: C:\Users\leona\Dropbox\My PC (LAPTOP-0GJU559A)\Documents\github\STM32-codes\MasteringMCU\TEST1\Core\Inc\main.h
2021-11-26 16:48:29,636 [INFO] CodeEngine:229 - oldGeneratedFile, C:\Users\leona\Dropbox\My PC (LAPTOP-0GJU559A)\Documents\github\STM32-codes\MasteringMCU\TEST1\Core\Src\main.c_save
2021-11-26 16:48:29,786 [INFO] CodeEngine:247 - Generated code: C:\Users\leona\Dropbox\My PC (LAPTOP-0GJU559A)\Documents\github\STM32-codes\MasteringMCU\TEST1\Core\Src\main.c
2021-11-26 16:48:30,595 [INFO] ProjectBuilder:2328 - Time for Copy HAL[1] : 360mS.
2021-11-26 16:48:30,602 [INFO] ProjectBuilder:3259 - Project Generator version: 3.11.0-B13
2021-11-26 16:48:30,817 [INFO] ConfigFileManager:1238 - The Die is : DIE431
2021-11-26 16:48:33,332 [INFO] ProjectBuilder:3425 - Time for Generating toolchain IDE Files: 2730mS.
2021-11-26 16:48:33,334 [INFO] ProjectBuilder:2207 - Time for Copy CMSIS : 1mS.
2021-11-26 16:48:33,341 [INFO] ProjectBuilder:2207 - Time for Copy CMSIS : 0mS.
